This file contains any messages produced by compilers while
running configure, to aid debugging if configure makes a mistake.

It was created by neko configure 1.0.0-rc2, which was
generated by GNU Autoconf 2.71.  Invocation command line was

  $ ./configure --prefix=/home/udbhav/neko_install

## --------- ##
## Platform. ##
## --------- ##

hostname = udbhav
uname -m = x86_64
uname -r = 6.14.0-35-generic
uname -s = Linux
uname -v = #35~24.04.1-Ubuntu SMP PREEMPT_DYNAMIC Tue Oct 14 13:55:17 UTC 2

/usr/bin/uname -p = x86_64
/bin/uname -X     = unknown

/bin/arch              = x86_64
/usr/bin/arch -k       = unknown
/usr/convex/getsysinfo = unknown
/usr/bin/hostinfo      = unknown
/bin/machine           = unknown
/usr/bin/oslevel       = unknown
/bin/universe          = unknown

PATH: /opt/nvidia/hpc_sdk/Linux_x86_64/2025/compilers/bin/
PATH: /opt/nvidia/hpc_sdk/Linux_x86_64/2025/compilers/bin/
PATH: /opt/nvidia/hpc_sdk/Linux_x86_64/2025/compilers/bin/
PATH: /opt/nvidia/hpc_sdk/Linux_x86_64/2025/compilers/bin/
PATH: /usr/local/sbin/
PATH: /usr/local/bin/
PATH: /usr/sbin/
PATH: /usr/bin/
PATH: /sbin/
PATH: /bin/
PATH: /usr/games/
PATH: /usr/local/games/
PATH: /snap/bin/
PATH: /snap/bin/
PATH: /home/udbhav/cs637/uclid/uclid-horn-solver/z3/bin/
PATH: /home/udbhav/cs637/uclid/uclid-horn-solver/cvc4/bin/
PATH: /home/udbhav/cs637/uclid/uclid-horn-solver/delphi/bin/
PATH: /home/udbhav/.config/Code/User/globalStorage/github.copilot-chat/debugCommand/
PATH: /home/udbhav/cs637/uclid/uclid-horn-solver/z3/bin/
PATH: /home/udbhav/cs637/uclid/uclid-horn-solver/cvc4/bin/
PATH: /home/udbhav/cs637/uclid/uclid-horn-solver/delphi/bin/


## ----------- ##
## Core tests. ##
## ----------- ##

configure:3156: looking for aux files: compile ltmain.sh config.guess config.sub missing install-sh
configure:3169:  trying ./
configure:3198:   ./compile found
configure:3198:   ./ltmain.sh found
configure:3198:   ./config.guess found
configure:3198:   ./config.sub found
configure:3198:   ./missing found
configure:3180:   ./install-sh found
configure:3327: checking for a BSD-compatible install
configure:3400: result: /usr/bin/install -c
configure:3411: checking whether build environment is sane
configure:3466: result: yes
configure:3625: checking for a race-free mkdir -p
configure:3669: result: /usr/bin/mkdir -p
configure:3676: checking for gawk
configure:3711: result: no
configure:3676: checking for mawk
configure:3697: found /usr/bin/mawk
configure:3708: result: mawk
configure:3719: checking whether make sets $(MAKE)
configure:3742: result: yes
configure:3772: checking whether make supports nested variables
configure:3790: result: yes
configure:3927: checking whether to enable maintainer-specific portions of Makefiles
configure:3937: result: no
configure:3957: checking build system type
configure:3972: result: x86_64-pc-linux-gnu
configure:3992: checking host system type
configure:4006: result: x86_64-pc-linux-gnu
configure:4032: checking for a sed that does not truncate output
configure:4102: result: /usr/bin/sed
configure:4107: checking whether make sets $(MAKE)
configure:4130: result: yes
configure:4186: checking how to print strings
configure:4213: result: printf
configure:4247: checking whether make supports the include directive
configure:4262: make -f confmf.GNU && cat confinc.out
this is the am__doit target
configure:4265: $? = 0
configure:4284: result: yes (GNU style)
configure:4360: checking for gcc
configure:4381: found /usr/bin/gcc
configure:4392: result: gcc
configure:4745: checking for C compiler version
configure:4754: gcc --version >&5
gcc (Ubuntu 13.3.0-6ubuntu2~24.04) 13.3.0
Copyright (C) 2023 Free Software Foundation, Inc.
This is free software; see the source for copying conditions.  There is NO
warranty; not even for MERCHANTABILITY or FITNESS FOR A PARTICULAR PURPOSE.

configure:4765: $? = 0
configure:4754: gcc -v >&5
Using built-in specs.
COLLECT_GCC=gcc
COLLECT_LTO_WRAPPER=/usr/libexec/gcc/x86_64-linux-gnu/13/lto-wrapper
OFFLOAD_TARGET_NAMES=nvptx-none:amdgcn-amdhsa
OFFLOAD_TARGET_DEFAULT=1
Target: x86_64-linux-gnu
Configured with: ../src/configure -v --with-pkgversion='Ubuntu 13.3.0-6ubuntu2~24.04' --with-bugurl=file:///usr/share/doc/gcc-13/README.Bugs --enable-languages=c,ada,c++,go,d,fortran,objc,obj-c++,m2 --prefix=/usr --with-gcc-major-version-only --program-suffix=-13 --program-prefix=x86_64-linux-gnu- --enable-shared --enable-linker-build-id --libexecdir=/usr/libexec --without-included-gettext --enable-threads=posix --libdir=/usr/lib --enable-nls --enable-bootstrap --enable-clocale=gnu --enable-libstdcxx-debug --enable-libstdcxx-time=yes --with-default-libstdcxx-abi=new --enable-libstdcxx-backtrace --enable-gnu-unique-object --disable-vtable-verify --enable-plugin --enable-default-pie --with-system-zlib --enable-libphobos-checking=release --with-target-system-zlib=auto --enable-objc-gc=auto --enable-multiarch --disable-werror --enable-cet --with-arch-32=i686 --with-abi=m64 --with-multilib-list=m32,m64,mx32 --enable-multilib --with-tune=generic --enable-offload-targets=nvptx-none=/build/gcc-13-fG75Ri/gcc-13-13.3.0/debian/tmp-nvptx/usr,amdgcn-amdhsa=/build/gcc-13-fG75Ri/gcc-13-13.3.0/debian/tmp-gcn/usr --enable-offload-defaulted --without-cuda-driver --enable-checking=release --build=x86_64-linux-gnu --host=x86_64-linux-gnu --target=x86_64-linux-gnu --with-build-config=bootstrap-lto-lean --enable-link-serialization=2
Thread model: posix
Supported LTO compression algorithms: zlib zstd
gcc version 13.3.0 (Ubuntu 13.3.0-6ubuntu2~24.04) 
... rest of stderr output deleted ...
configure:4765: $? = 0
configure:4754: gcc -V >&5
gcc: error: unrecognized command-line option '-V'
gcc: fatal error: no input files
compilation terminated.
configure:4765: $? = 1
configure:4754: gcc -qversion >&5
gcc: error: unrecognized command-line option '-qversion'; did you mean '--version'?
gcc: fatal error: no input files
compilation terminated.
configure:4765: $? = 1
configure:4754: gcc -version >&5
gcc: error: unrecognized command-line option '-version'
gcc: fatal error: no input files
compilation terminated.
configure:4765: $? = 1
configure:4785: checking whether the C compiler works
configure:4807: gcc    conftest.c  >&5
configure:4811: $? = 0
configure:4861: result: yes
configure:4864: checking for C compiler default output file name
configure:4866: result: a.out
configure:4872: checking for suffix of executables
configure:4879: gcc -o conftest    conftest.c  >&5
configure:4883: $? = 0
configure:4906: result: 
configure:4928: checking whether we are cross compiling
configure:4936: gcc -o conftest    conftest.c  >&5
configure:4940: $? = 0
configure:4947: ./conftest
configure:4951: $? = 0
configure:4966: result: no
configure:4971: checking for suffix of object files
configure:4994: gcc -c   conftest.c >&5
configure:4998: $? = 0
configure:5020: result: o
configure:5024: checking whether the compiler supports GNU C
configure:5044: gcc -c   conftest.c >&5
configure:5044: $? = 0
configure:5054: result: yes
configure:5065: checking whether gcc accepts -g
configure:5086: gcc -c -g  conftest.c >&5
configure:5086: $? = 0
configure:5130: result: yes
configure:5150: checking for gcc option to enable C11 features
configure:5165: gcc  -c -g -O2  conftest.c >&5
configure:5165: $? = 0
configure:5183: result: none needed
configure:5298: checking whether gcc understands -c and -o together
configure:5321: gcc -c conftest.c -o conftest2.o
configure:5324: $? = 0
configure:5321: gcc -c conftest.c -o conftest2.o
configure:5324: $? = 0
configure:5336: result: yes
configure:5354: checking dependency style of gcc
configure:5466: result: gcc3
configure:5481: checking for a sed that does not truncate output
configure:5551: result: /usr/bin/sed
configure:5569: checking for grep that handles long lines and -e
configure:5633: result: /usr/bin/grep
configure:5638: checking for egrep
configure:5706: result: /usr/bin/grep -E
configure:5711: checking for fgrep
configure:5779: result: /usr/bin/grep -F
configure:5815: checking for ld used by gcc
configure:5883: result: /usr/bin/ld
configure:5890: checking if the linker (/usr/bin/ld) is GNU ld
configure:5906: result: yes
configure:5918: checking for BSD- or MS-compatible name lister (nm)
configure:5973: result: /usr/bin/nm -B
configure:6113: checking the name lister (/usr/bin/nm -B) interface
configure:6121:  -c   conftest.f >&5
./configure: line 6122: -c: command not found
configure:6124: /usr/bin/nm -B "conftest.o"
/usr/bin/nm: 'conftest.o': No such file
configure:6127: output
configure:6134: result: BSD nm
configure:6137: checking whether ln -s works
configure:6141: result: yes
configure:6149: checking the maximum length of command line arguments
configure:6281: result: 1572864
configure:6329: checking how to convert x86_64-pc-linux-gnu file names to x86_64-pc-linux-gnu format
configure:6370: result: func_convert_file_noop
configure:6377: checking how to convert x86_64-pc-linux-gnu file names to toolchain format
configure:6398: result: func_convert_file_noop
configure:6405: checking for /usr/bin/ld option to reload object files
configure:6413: result: -r
configure:6492: checking for file
configure:6513: found /usr/bin/file
configure:6524: result: file
configure:6600: checking for objdump
configure:6621: found /usr/bin/objdump
configure:6632: result: objdump
configure:6664: checking how to recognize dependent libraries
configure:6865: result: pass_all
configure:6955: checking for dlltool
configure:6990: result: no
configure:7020: checking how to associate runtime and link libraries
configure:7048: result: printf %s\n
configure:7117: checking for gfortran
configure:7138: found /usr/bin/gfortran
configure:7149: result: gfortran
configure:7175: checking for Fortran compiler version
configure:7184: gfortran --version >&5
GNU Fortran (Ubuntu 13.3.0-6ubuntu2~24.04) 13.3.0
Copyright (C) 2023 Free Software Foundation, Inc.
This is free software; see the source for copying conditions.  There is NO
warranty; not even for MERCHANTABILITY or FITNESS FOR A PARTICULAR PURPOSE.

configure:7195: $? = 0
configure:7184: gfortran -v >&5
Using built-in specs.
COLLECT_GCC=gfortran
COLLECT_LTO_WRAPPER=/usr/libexec/gcc/x86_64-linux-gnu/13/lto-wrapper
OFFLOAD_TARGET_NAMES=nvptx-none:amdgcn-amdhsa
OFFLOAD_TARGET_DEFAULT=1
Target: x86_64-linux-gnu
Configured with: ../src/configure -v --with-pkgversion='Ubuntu 13.3.0-6ubuntu2~24.04' --with-bugurl=file:///usr/share/doc/gcc-13/README.Bugs --enable-languages=c,ada,c++,go,d,fortran,objc,obj-c++,m2 --prefix=/usr --with-gcc-major-version-only --program-suffix=-13 --program-prefix=x86_64-linux-gnu- --enable-shared --enable-linker-build-id --libexecdir=/usr/libexec --without-included-gettext --enable-threads=posix --libdir=/usr/lib --enable-nls --enable-bootstrap --enable-clocale=gnu --enable-libstdcxx-debug --enable-libstdcxx-time=yes --with-default-libstdcxx-abi=new --enable-libstdcxx-backtrace --enable-gnu-unique-object --disable-vtable-verify --enable-plugin --enable-default-pie --with-system-zlib --enable-libphobos-checking=release --with-target-system-zlib=auto --enable-objc-gc=auto --enable-multiarch --disable-werror --enable-cet --with-arch-32=i686 --with-abi=m64 --with-multilib-list=m32,m64,mx32 --enable-multilib --with-tune=generic --enable-offload-targets=nvptx-none=/build/gcc-13-fG75Ri/gcc-13-13.3.0/debian/tmp-nvptx/usr,amdgcn-amdhsa=/build/gcc-13-fG75Ri/gcc-13-13.3.0/debian/tmp-gcn/usr --enable-offload-defaulted --without-cuda-driver --enable-checking=release --build=x86_64-linux-gnu --host=x86_64-linux-gnu --target=x86_64-linux-gnu --with-build-config=bootstrap-lto-lean --enable-link-serialization=2
Thread model: posix
Supported LTO compression algorithms: zlib zstd
gcc version 13.3.0 (Ubuntu 13.3.0-6ubuntu2~24.04) 
... rest of stderr output deleted ...
configure:7195: $? = 0
configure:7184: gfortran -V >&5
gfortran: error: unrecognized command-line option '-V'
gfortran: fatal error: no input files
compilation terminated.
configure:7195: $? = 1
configure:7184: gfortran -qversion >&5
gfortran: error: unrecognized command-line option '-qversion'; did you mean '--version'?
gfortran: fatal error: no input files
compilation terminated.
configure:7195: $? = 1
configure:7204: checking whether the compiler supports GNU Fortran
configure:7218: gfortran -c   conftest.F >&5
configure:7218: $? = 0
configure:7228: result: yes
configure:7236: checking whether gfortran accepts -g
configure:7248: gfortran -c -g  conftest.f >&5
configure:7248: $? = 0
configure:7257: result: yes
configure:7340: checking for ar
configure:7361: found /usr/bin/ar
configure:7372: result: ar
configure:7425: checking for archiver @FILE support
configure:7437: gfortran -c -g -O2  conftest.f >&5
configure:7437: $? = 0
configure:7441: ar cr libconftest.a @conftest.lst >&5
configure:7444: $? = 0
configure:7449: ar cr libconftest.a @conftest.lst >&5
ar: conftest.o: No such file or directory
configure:7452: $? = 1
configure:7464: result: @
configure:7527: checking for strip
configure:7548: found /usr/bin/strip
configure:7559: result: strip
configure:7636: checking for ranlib
configure:7657: found /usr/bin/ranlib
configure:7668: result: ranlib
configure:7770: checking command to parse /usr/bin/nm -B output from gcc object
configure:7924: gfortran -c -g -O2  conftest.f >&5
conftest.f:1:2:

    1 | #ifdef __cplusplus
      |  1
Warning: Illegal preprocessor directive
conftest.f:3:2:

    3 | #endif
      |  1
Warning: Illegal preprocessor directive
conftest.f:7:2:

    7 | #ifdef __cplusplus
      |  1
Warning: Illegal preprocessor directive
conftest.f:9:2:

    9 | #endif
      |  1
Warning: Illegal preprocessor directive
conftest.f:2:2:

    2 | extern "C" {
      |  1
Error: Non-numeric character in statement label at (1)
conftest.f:5:2:

    5 | void nm_test_func(void);
      |  1
Error: Non-numeric character in statement label at (1)
conftest.f:6:2:

    6 | void nm_test_func(void){}
      |  1
Error: Non-numeric character in statement label at (1)
conftest.f:8:2:

    8 | }
      |  1
Error: Non-numeric character in statement label at (1)
conftest.f:10:2:

   10 | int main(){nm_test_var='a';nm_test_func();return(0);}
      |  1
Error: Non-numeric character in statement label at (1)
conftest.f:10:49:

   10 | int main(){nm_test_var='a';nm_test_func();return(0);}
      |                                                 1
Error: Alternate RETURN statement at (1) is only allowed within a SUBROUTINE
conftest.f:10:54:

   10 | int main(){nm_test_var='a';nm_test_func();return(0);}
      |                                                      1
Error: Invalid character in name at (1)
configure:7927: $? = 1
: failed program was:
#ifdef __cplusplus
extern "C" {
#endif
char nm_test_var;
void nm_test_func(void);
void nm_test_func(void){}
#ifdef __cplusplus
}
#endif
int main(){nm_test_var='a';nm_test_func();return(0);}
configure:7924: gfortran -c -g -O2  conftest.f >&5
conftest.f:1:2:

    1 | #ifdef __cplusplus
      |  1
Warning: Illegal preprocessor directive
conftest.f:3:2:

    3 | #endif
      |  1
Warning: Illegal preprocessor directive
conftest.f:7:2:

    7 | #ifdef __cplusplus
      |  1
Warning: Illegal preprocessor directive
conftest.f:9:2:

    9 | #endif
      |  1
Warning: Illegal preprocessor directive
conftest.f:2:2:

    2 | extern "C" {
      |  1
Error: Non-numeric character in statement label at (1)
conftest.f:5:2:

    5 | void nm_test_func(void);
      |  1
Error: Non-numeric character in statement label at (1)
conftest.f:6:2:

    6 | void nm_test_func(void){}
      |  1
Error: Non-numeric character in statement label at (1)
conftest.f:8:2:

    8 | }
      |  1
Error: Non-numeric character in statement label at (1)
conftest.f:10:2:

   10 | int main(){nm_test_var='a';nm_test_func();return(0);}
      |  1
Error: Non-numeric character in statement label at (1)
conftest.f:10:49:

   10 | int main(){nm_test_var='a';nm_test_func();return(0);}
      |                                                 1
Error: Alternate RETURN statement at (1) is only allowed within a SUBROUTINE
conftest.f:10:54:

   10 | int main(){nm_test_var='a';nm_test_func();return(0);}
      |                                                      1
Error: Invalid character in name at (1)
configure:7927: $? = 1
: failed program was:
#ifdef __cplusplus
extern "C" {
#endif
char nm_test_var;
void nm_test_func(void);
void nm_test_func(void){}
#ifdef __cplusplus
}
#endif
int main(){nm_test_var='a';nm_test_func();return(0);}
configure:8035: result: failed
configure:8085: checking for sysroot
configure:8116: result: no
configure:8123: checking for a working dd
configure:8167: result: /usr/bin/dd
configure:8171: checking how to truncate binary pipes
configure:8187: result: /usr/bin/dd bs=4096 count=1
configure:8325: gfortran -c -g -O2  conftest.f >&5
conftest.f:1:2:

    1 | int i;
      |  1
Error: Non-numeric character in statement label at (1)
configure:8328: $? = 1
configure:8525: checking for mt
configure:8546: found /usr/bin/mt
configure:8557: result: mt
configure:8580: checking if mt is a manifest tool
configure:8587: mt '-?'
configure:8595: result: no
configure:9320: checking for stdio.h
configure:9320: gfortran -c -g -O2  conftest.f >&5
conftest.f:2:2:

    2 | #define PACKAGE_NAME "neko"
      |  1
Warning: Illegal preprocessor directive
conftest.f:3:2:

    3 | #define PACKAGE_TARNAME "neko"
      |  1
Warning: Illegal preprocessor directive
conftest.f:4:2:

    4 | #define PACKAGE_VERSION "1.0.0-rc2"
      |  1
Warning: Illegal preprocessor directive
conftest.f:5:2:

    5 | #define PACKAGE_STRING "neko 1.0.0-rc2"
      |  1
Warning: Illegal preprocessor directive
conftest.f:6:2:

    6 | #define PACKAGE_BUGREPORT ""
      |  1
Warning: Illegal preprocessor directive
conftest.f:7:2:

    7 | #define PACKAGE_URL ""
      |  1
Warning: Illegal preprocessor directive
conftest.f:8:2:

    8 | #define PACKAGE "neko"
      |  1
Warning: Illegal preprocessor directive
conftest.f:9:2:

    9 | #define VERSION "1.0.0-rc2"
      |  1
Warning: Illegal preprocessor directive
conftest.f:11:2:

   11 | #include <stddef.h>
      |  1
Warning: Illegal preprocessor directive
conftest.f:12:2:

   12 | #ifdef HAVE_STDIO_H
      |  1
Warning: Illegal preprocessor directive
conftest.f:13:2:

   13 | # include <stdio.h>
      |  1
Warning: Illegal preprocessor directive
conftest.f:14:2:

   14 | #endif
      |  1
Warning: Illegal preprocessor directive
conftest.f:15:2:

   15 | #ifdef HAVE_STDLIB_H
      |  1
Warning: Illegal preprocessor directive
conftest.f:16:2:

   16 | # include <stdlib.h>
      |  1
Warning: Illegal preprocessor directive
conftest.f:17:2:

   17 | #endif
      |  1
Warning: Illegal preprocessor directive
conftest.f:18:2:

   18 | #ifdef HAVE_STRING_H
      |  1
Warning: Illegal preprocessor directive
conftest.f:19:2:

   19 | # include <string.h>
      |  1
Warning: Illegal preprocessor directive
conftest.f:20:2:

   20 | #endif
      |  1
Warning: Illegal preprocessor directive
conftest.f:21:2:

   21 | #ifdef HAVE_INTTYPES_H
      |  1
Warning: Illegal preprocessor directive
conftest.f:22:2:

   22 | # include <inttypes.h>
      |  1
Warning: Illegal preprocessor directive
conftest.f:23:2:

   23 | #endif
      |  1
Warning: Illegal preprocessor directive
conftest.f:24:2:

   24 | #ifdef HAVE_STDINT_H
      |  1
Warning: Illegal preprocessor directive
conftest.f:25:2:

   25 | # include <stdint.h>
      |  1
Warning: Illegal preprocessor directive
conftest.f:26:2:

   26 | #endif
      |  1
Warning: Illegal preprocessor directive
conftest.f:27:2:

   27 | #ifdef HAVE_STRINGS_H
      |  1
Warning: Illegal preprocessor directive
conftest.f:28:2:

   28 | # include <strings.h>
      |  1
Warning: Illegal preprocessor directive
conftest.f:29:2:

   29 | #endif
      |  1
Warning: Illegal preprocessor directive
conftest.f:30:2:

   30 | #ifdef HAVE_SYS_TYPES_H
      |  1
Warning: Illegal preprocessor directive
conftest.f:31:2:

   31 | # include <sys/types.h>
      |  1
Warning: Illegal preprocessor directive
conftest.f:32:2:

   32 | #endif
      |  1
Warning: Illegal preprocessor directive
conftest.f:33:2:

   33 | #ifdef HAVE_SYS_STAT_H
      |  1
Warning: Illegal preprocessor directive
conftest.f:34:2:

   34 | # include <sys/stat.h>
      |  1
Warning: Illegal preprocessor directive
conftest.f:35:2:

   35 | #endif
      |  1
Warning: Illegal preprocessor directive
conftest.f:36:2:

   36 | #ifdef HAVE_UNISTD_H
      |  1
Warning: Illegal preprocessor directive
conftest.f:37:2:

   37 | # include <unistd.h>
      |  1
Warning: Illegal preprocessor directive
conftest.f:38:2:

   38 | #endif
      |  1
Warning: Illegal preprocessor directive
conftest.f:39:2:

   39 | #include <stdio.h>
      |  1
Warning: Illegal preprocessor directive
conftest.f:1:2:

    1 | /* confdefs.h */
      |  1
Error: Non-numeric character in statement label at (1)
conftest.f:1:3:

    1 | /* confdefs.h */
      |   1
Error: Invalid character in name at (1)
conftest.f:10:2:

   10 | /* end confdefs.h.  */
      |  1
Error: Non-numeric character in statement label at (1)
conftest.f:10:3:

   10 | /* end confdefs.h.  */
      |   1
Error: Invalid character in name at (1)
configure:9320: $? = 1
configure: failed program was:
| /* confdefs.h */
| #define PACKAGE_NAME "neko"
| #define PACKAGE_TARNAME "neko"
| #define PACKAGE_VERSION "1.0.0-rc2"
| #define PACKAGE_STRING "neko 1.0.0-rc2"
| #define PACKAGE_BUGREPORT ""
| #define PACKAGE_URL ""
| #define PACKAGE "neko"
| #define VERSION "1.0.0-rc2"
| /* end confdefs.h.  */
| #include <stddef.h>
| #ifdef HAVE_STDIO_H
| # include <stdio.h>
| #endif
| #ifdef HAVE_STDLIB_H
| # include <stdlib.h>
| #endif
| #ifdef HAVE_STRING_H
| # include <string.h>
| #endif
| #ifdef HAVE_INTTYPES_H
| # include <inttypes.h>
| #endif
| #ifdef HAVE_STDINT_H
| # include <stdint.h>
| #endif
| #ifdef HAVE_STRINGS_H
| # include <strings.h>
| #endif
| #ifdef HAVE_SYS_TYPES_H
| # include <sys/types.h>
| #endif
| #ifdef HAVE_SYS_STAT_H
| # include <sys/stat.h>
| #endif
| #ifdef HAVE_UNISTD_H
| # include <unistd.h>
| #endif
| #include <stdio.h>
configure:9320: result: no
configure:9320: checking for stdlib.h
configure:9320: gfortran -c -g -O2  conftest.f >&5
conftest.f:2:2:

    2 | #define PACKAGE_NAME "neko"
      |  1
Warning: Illegal preprocessor directive
conftest.f:3:2:

    3 | #define PACKAGE_TARNAME "neko"
      |  1
Warning: Illegal preprocessor directive
conftest.f:4:2:

    4 | #define PACKAGE_VERSION "1.0.0-rc2"
      |  1
Warning: Illegal preprocessor directive
conftest.f:5:2:

    5 | #define PACKAGE_STRING "neko 1.0.0-rc2"
      |  1
Warning: Illegal preprocessor directive
conftest.f:6:2:

    6 | #define PACKAGE_BUGREPORT ""
      |  1
Warning: Illegal preprocessor directive
conftest.f:7:2:

    7 | #define PACKAGE_URL ""
      |  1
Warning: Illegal preprocessor directive
conftest.f:8:2:

    8 | #define PACKAGE "neko"
      |  1
Warning: Illegal preprocessor directive
conftest.f:9:2:

    9 | #define VERSION "1.0.0-rc2"
      |  1
Warning: Illegal preprocessor directive
conftest.f:11:2:

   11 | #include <stddef.h>
      |  1
Warning: Illegal preprocessor directive
conftest.f:12:2:

   12 | #ifdef HAVE_STDIO_H
      |  1
Warning: Illegal preprocessor directive
conftest.f:13:2:

   13 | # include <stdio.h>
      |  1
Warning: Illegal preprocessor directive
conftest.f:14:2:

   14 | #endif
      |  1
Warning: Illegal preprocessor directive
conftest.f:15:2:

   15 | #ifdef HAVE_STDLIB_H
      |  1
Warning: Illegal preprocessor directive
conftest.f:16:2:

   16 | # include <stdlib.h>
      |  1
Warning: Illegal preprocessor directive
conftest.f:17:2:

   17 | #endif
      |  1
Warning: Illegal preprocessor directive
conftest.f:18:2:

   18 | #ifdef HAVE_STRING_H
      |  1
Warning: Illegal preprocessor directive
conftest.f:19:2:

   19 | # include <string.h>
      |  1
Warning: Illegal preprocessor directive
conftest.f:20:2:

   20 | #endif
      |  1
Warning: Illegal preprocessor directive
conftest.f:21:2:

   21 | #ifdef HAVE_INTTYPES_H
      |  1
Warning: Illegal preprocessor directive
conftest.f:22:2:

   22 | # include <inttypes.h>
      |  1
Warning: Illegal preprocessor directive
conftest.f:23:2:

   23 | #endif
      |  1
Warning: Illegal preprocessor directive
conftest.f:24:2:

   24 | #ifdef HAVE_STDINT_H
      |  1
Warning: Illegal preprocessor directive
conftest.f:25:2:

   25 | # include <stdint.h>
      |  1
Warning: Illegal preprocessor directive
conftest.f:26:2:

   26 | #endif
      |  1
Warning: Illegal preprocessor directive
conftest.f:27:2:

   27 | #ifdef HAVE_STRINGS_H
      |  1
Warning: Illegal preprocessor directive
conftest.f:28:2:

   28 | # include <strings.h>
      |  1
Warning: Illegal preprocessor directive
conftest.f:29:2:

   29 | #endif
      |  1
Warning: Illegal preprocessor directive
conftest.f:30:2:

   30 | #ifdef HAVE_SYS_TYPES_H
      |  1
Warning: Illegal preprocessor directive
conftest.f:31:2:

   31 | # include <sys/types.h>
      |  1
Warning: Illegal preprocessor directive
conftest.f:32:2:

   32 | #endif
      |  1
Warning: Illegal preprocessor directive
conftest.f:33:2:

   33 | #ifdef HAVE_SYS_STAT_H
      |  1
Warning: Illegal preprocessor directive
conftest.f:34:2:

   34 | # include <sys/stat.h>
      |  1
Warning: Illegal preprocessor directive
conftest.f:35:2:

   35 | #endif
      |  1
Warning: Illegal preprocessor directive
conftest.f:36:2:

   36 | #ifdef HAVE_UNISTD_H
      |  1
Warning: Illegal preprocessor directive
conftest.f:37:2:

   37 | # include <unistd.h>
      |  1
Warning: Illegal preprocessor directive
conftest.f:38:2:

   38 | #endif
      |  1
Warning: Illegal preprocessor directive
conftest.f:39:2:

   39 | #include <stdlib.h>
      |  1
Warning: Illegal preprocessor directive
conftest.f:1:2:

    1 | /* confdefs.h */
      |  1
Error: Non-numeric character in statement label at (1)
conftest.f:1:3:

    1 | /* confdefs.h */
      |   1
Error: Invalid character in name at (1)
conftest.f:10:2:

   10 | /* end confdefs.h.  */
      |  1
Error: Non-numeric character in statement label at (1)
conftest.f:10:3:

   10 | /* end confdefs.h.  */
      |   1
Error: Invalid character in name at (1)
configure:9320: $? = 1
configure: failed program was:
| /* confdefs.h */
| #define PACKAGE_NAME "neko"
| #define PACKAGE_TARNAME "neko"
| #define PACKAGE_VERSION "1.0.0-rc2"
| #define PACKAGE_STRING "neko 1.0.0-rc2"
| #define PACKAGE_BUGREPORT ""
| #define PACKAGE_URL ""
| #define PACKAGE "neko"
| #define VERSION "1.0.0-rc2"
| /* end confdefs.h.  */
| #include <stddef.h>
| #ifdef HAVE_STDIO_H
| # include <stdio.h>
| #endif
| #ifdef HAVE_STDLIB_H
| # include <stdlib.h>
| #endif
| #ifdef HAVE_STRING_H
| # include <string.h>
| #endif
| #ifdef HAVE_INTTYPES_H
| # include <inttypes.h>
| #endif
| #ifdef HAVE_STDINT_H
| # include <stdint.h>
| #endif
| #ifdef HAVE_STRINGS_H
| # include <strings.h>
| #endif
| #ifdef HAVE_SYS_TYPES_H
| # include <sys/types.h>
| #endif
| #ifdef HAVE_SYS_STAT_H
| # include <sys/stat.h>
| #endif
| #ifdef HAVE_UNISTD_H
| # include <unistd.h>
| #endif
| #include <stdlib.h>
configure:9320: result: no
configure:9320: checking for string.h
configure:9320: gfortran -c -g -O2  conftest.f >&5
conftest.f:2:2:

    2 | #define PACKAGE_NAME "neko"
      |  1
Warning: Illegal preprocessor directive
conftest.f:3:2:

    3 | #define PACKAGE_TARNAME "neko"
      |  1
Warning: Illegal preprocessor directive
conftest.f:4:2:

    4 | #define PACKAGE_VERSION "1.0.0-rc2"
      |  1
Warning: Illegal preprocessor directive
conftest.f:5:2:

    5 | #define PACKAGE_STRING "neko 1.0.0-rc2"
      |  1
Warning: Illegal preprocessor directive
conftest.f:6:2:

    6 | #define PACKAGE_BUGREPORT ""
      |  1
Warning: Illegal preprocessor directive
conftest.f:7:2:

    7 | #define PACKAGE_URL ""
      |  1
Warning: Illegal preprocessor directive
conftest.f:8:2:

    8 | #define PACKAGE "neko"
      |  1
Warning: Illegal preprocessor directive
conftest.f:9:2:

    9 | #define VERSION "1.0.0-rc2"
      |  1
Warning: Illegal preprocessor directive
conftest.f:11:2:

   11 | #include <stddef.h>
      |  1
Warning: Illegal preprocessor directive
conftest.f:12:2:

   12 | #ifdef HAVE_STDIO_H
      |  1
Warning: Illegal preprocessor directive
conftest.f:13:2:

   13 | # include <stdio.h>
      |  1
Warning: Illegal preprocessor directive
conftest.f:14:2:

   14 | #endif
      |  1
Warning: Illegal preprocessor directive
conftest.f:15:2:

   15 | #ifdef HAVE_STDLIB_H
      |  1
Warning: Illegal preprocessor directive
conftest.f:16:2:

   16 | # include <stdlib.h>
      |  1
Warning: Illegal preprocessor directive
conftest.f:17:2:

   17 | #endif
      |  1
Warning: Illegal preprocessor directive
conftest.f:18:2:

   18 | #ifdef HAVE_STRING_H
      |  1
Warning: Illegal preprocessor directive
conftest.f:19:2:

   19 | # include <string.h>
      |  1
Warning: Illegal preprocessor directive
conftest.f:20:2:

   20 | #endif
      |  1
Warning: Illegal preprocessor directive
conftest.f:21:2:

   21 | #ifdef HAVE_INTTYPES_H
      |  1
Warning: Illegal preprocessor directive
conftest.f:22:2:

   22 | # include <inttypes.h>
      |  1
Warning: Illegal preprocessor directive
conftest.f:23:2:

   23 | #endif
      |  1
Warning: Illegal preprocessor directive
conftest.f:24:2:

   24 | #ifdef HAVE_STDINT_H
      |  1
Warning: Illegal preprocessor directive
conftest.f:25:2:

   25 | # include <stdint.h>
      |  1
Warning: Illegal preprocessor directive
conftest.f:26:2:

   26 | #endif
      |  1
Warning: Illegal preprocessor directive
conftest.f:27:2:

   27 | #ifdef HAVE_STRINGS_H
      |  1
Warning: Illegal preprocessor directive
conftest.f:28:2:

   28 | # include <strings.h>
      |  1
Warning: Illegal preprocessor directive
conftest.f:29:2:

   29 | #endif
      |  1
Warning: Illegal preprocessor directive
conftest.f:30:2:

   30 | #ifdef HAVE_SYS_TYPES_H
      |  1
Warning: Illegal preprocessor directive
conftest.f:31:2:

   31 | # include <sys/types.h>
      |  1
Warning: Illegal preprocessor directive
conftest.f:32:2:

   32 | #endif
      |  1
Warning: Illegal preprocessor directive
conftest.f:33:2:

   33 | #ifdef HAVE_SYS_STAT_H
      |  1
Warning: Illegal preprocessor directive
conftest.f:34:2:

   34 | # include <sys/stat.h>
      |  1
Warning: Illegal preprocessor directive
conftest.f:35:2:

   35 | #endif
      |  1
Warning: Illegal preprocessor directive
conftest.f:36:2:

   36 | #ifdef HAVE_UNISTD_H
      |  1
Warning: Illegal preprocessor directive
conftest.f:37:2:

   37 | # include <unistd.h>
      |  1
Warning: Illegal preprocessor directive
conftest.f:38:2:

   38 | #endif
      |  1
Warning: Illegal preprocessor directive
conftest.f:39:2:

   39 | #include <string.h>
      |  1
Warning: Illegal preprocessor directive
conftest.f:1:2:

    1 | /* confdefs.h */
      |  1
Error: Non-numeric character in statement label at (1)
conftest.f:1:3:

    1 | /* confdefs.h */
      |   1
Error: Invalid character in name at (1)
conftest.f:10:2:

   10 | /* end confdefs.h.  */
      |  1
Error: Non-numeric character in statement label at (1)
conftest.f:10:3:

   10 | /* end confdefs.h.  */
      |   1
Error: Invalid character in name at (1)
configure:9320: $? = 1
configure: failed program was:
| /* confdefs.h */
| #define PACKAGE_NAME "neko"
| #define PACKAGE_TARNAME "neko"
| #define PACKAGE_VERSION "1.0.0-rc2"
| #define PACKAGE_STRING "neko 1.0.0-rc2"
| #define PACKAGE_BUGREPORT ""
| #define PACKAGE_URL ""
| #define PACKAGE "neko"
| #define VERSION "1.0.0-rc2"
| /* end confdefs.h.  */
| #include <stddef.h>
| #ifdef HAVE_STDIO_H
| # include <stdio.h>
| #endif
| #ifdef HAVE_STDLIB_H
| # include <stdlib.h>
| #endif
| #ifdef HAVE_STRING_H
| # include <string.h>
| #endif
| #ifdef HAVE_INTTYPES_H
| # include <inttypes.h>
| #endif
| #ifdef HAVE_STDINT_H
| # include <stdint.h>
| #endif
| #ifdef HAVE_STRINGS_H
| # include <strings.h>
| #endif
| #ifdef HAVE_SYS_TYPES_H
| # include <sys/types.h>
| #endif
| #ifdef HAVE_SYS_STAT_H
| # include <sys/stat.h>
| #endif
| #ifdef HAVE_UNISTD_H
| # include <unistd.h>
| #endif
| #include <string.h>
configure:9320: result: no
configure:9320: checking for inttypes.h
configure:9320: gfortran -c -g -O2  conftest.f >&5
conftest.f:2:2:

    2 | #define PACKAGE_NAME "neko"
      |  1
Warning: Illegal preprocessor directive
conftest.f:3:2:

    3 | #define PACKAGE_TARNAME "neko"
      |  1
Warning: Illegal preprocessor directive
conftest.f:4:2:

    4 | #define PACKAGE_VERSION "1.0.0-rc2"
      |  1
Warning: Illegal preprocessor directive
conftest.f:5:2:

    5 | #define PACKAGE_STRING "neko 1.0.0-rc2"
      |  1
Warning: Illegal preprocessor directive
conftest.f:6:2:

    6 | #define PACKAGE_BUGREPORT ""
      |  1
Warning: Illegal preprocessor directive
conftest.f:7:2:

    7 | #define PACKAGE_URL ""
      |  1
Warning: Illegal preprocessor directive
conftest.f:8:2:

    8 | #define PACKAGE "neko"
      |  1
Warning: Illegal preprocessor directive
conftest.f:9:2:

    9 | #define VERSION "1.0.0-rc2"
      |  1
Warning: Illegal preprocessor directive
conftest.f:11:2:

   11 | #include <stddef.h>
      |  1
Warning: Illegal preprocessor directive
conftest.f:12:2:

   12 | #ifdef HAVE_STDIO_H
      |  1
Warning: Illegal preprocessor directive
conftest.f:13:2:

   13 | # include <stdio.h>
      |  1
Warning: Illegal preprocessor directive
conftest.f:14:2:

   14 | #endif
      |  1
Warning: Illegal preprocessor directive
conftest.f:15:2:

   15 | #ifdef HAVE_STDLIB_H
      |  1
Warning: Illegal preprocessor directive
conftest.f:16:2:

   16 | # include <stdlib.h>
      |  1
Warning: Illegal preprocessor directive
conftest.f:17:2:

   17 | #endif
      |  1
Warning: Illegal preprocessor directive
conftest.f:18:2:

   18 | #ifdef HAVE_STRING_H
      |  1
Warning: Illegal preprocessor directive
conftest.f:19:2:

   19 | # include <string.h>
      |  1
Warning: Illegal preprocessor directive
conftest.f:20:2:

   20 | #endif
      |  1
Warning: Illegal preprocessor directive
conftest.f:21:2:

   21 | #ifdef HAVE_INTTYPES_H
      |  1
Warning: Illegal preprocessor directive
conftest.f:22:2:

   22 | # include <inttypes.h>
      |  1
Warning: Illegal preprocessor directive
conftest.f:23:2:

   23 | #endif
      |  1
Warning: Illegal preprocessor directive
conftest.f:24:2:

   24 | #ifdef HAVE_STDINT_H
      |  1
Warning: Illegal preprocessor directive
conftest.f:25:2:

   25 | # include <stdint.h>
      |  1
Warning: Illegal preprocessor directive
conftest.f:26:2:

   26 | #endif
      |  1
Warning: Illegal preprocessor directive
conftest.f:27:2:

   27 | #ifdef HAVE_STRINGS_H
      |  1
Warning: Illegal preprocessor directive
conftest.f:28:2:

   28 | # include <strings.h>
      |  1
Warning: Illegal preprocessor directive
conftest.f:29:2:

   29 | #endif
      |  1
Warning: Illegal preprocessor directive
conftest.f:30:2:

   30 | #ifdef HAVE_SYS_TYPES_H
      |  1
Warning: Illegal preprocessor directive
conftest.f:31:2:

   31 | # include <sys/types.h>
      |  1
Warning: Illegal preprocessor directive
conftest.f:32:2:

   32 | #endif
      |  1
Warning: Illegal preprocessor directive
conftest.f:33:2:

   33 | #ifdef HAVE_SYS_STAT_H
      |  1
Warning: Illegal preprocessor directive
conftest.f:34:2:

   34 | # include <sys/stat.h>
      |  1
Warning: Illegal preprocessor directive
conftest.f:35:2:

   35 | #endif
      |  1
Warning: Illegal preprocessor directive
conftest.f:36:2:

   36 | #ifdef HAVE_UNISTD_H
      |  1
Warning: Illegal preprocessor directive
conftest.f:37:2:

   37 | # include <unistd.h>
      |  1
Warning: Illegal preprocessor directive
conftest.f:38:2:

   38 | #endif
      |  1
Warning: Illegal preprocessor directive
conftest.f:39:2:

   39 | #include <inttypes.h>
      |  1
Warning: Illegal preprocessor directive
conftest.f:1:2:

    1 | /* confdefs.h */
      |  1
Error: Non-numeric character in statement label at (1)
conftest.f:1:3:

    1 | /* confdefs.h */
      |   1
Error: Invalid character in name at (1)
conftest.f:10:2:

   10 | /* end confdefs.h.  */
      |  1
Error: Non-numeric character in statement label at (1)
conftest.f:10:3:

   10 | /* end confdefs.h.  */
      |   1
Error: Invalid character in name at (1)
configure:9320: $? = 1
configure: failed program was:
| /* confdefs.h */
| #define PACKAGE_NAME "neko"
| #define PACKAGE_TARNAME "neko"
| #define PACKAGE_VERSION "1.0.0-rc2"
| #define PACKAGE_STRING "neko 1.0.0-rc2"
| #define PACKAGE_BUGREPORT ""
| #define PACKAGE_URL ""
| #define PACKAGE "neko"
| #define VERSION "1.0.0-rc2"
| /* end confdefs.h.  */
| #include <stddef.h>
| #ifdef HAVE_STDIO_H
| # include <stdio.h>
| #endif
| #ifdef HAVE_STDLIB_H
| # include <stdlib.h>
| #endif
| #ifdef HAVE_STRING_H
| # include <string.h>
| #endif
| #ifdef HAVE_INTTYPES_H
| # include <inttypes.h>
| #endif
| #ifdef HAVE_STDINT_H
| # include <stdint.h>
| #endif
| #ifdef HAVE_STRINGS_H
| # include <strings.h>
| #endif
| #ifdef HAVE_SYS_TYPES_H
| # include <sys/types.h>
| #endif
| #ifdef HAVE_SYS_STAT_H
| # include <sys/stat.h>
| #endif
| #ifdef HAVE_UNISTD_H
| # include <unistd.h>
| #endif
| #include <inttypes.h>
configure:9320: result: no
configure:9320: checking for stdint.h
configure:9320: gfortran -c -g -O2  conftest.f >&5
conftest.f:2:2:

    2 | #define PACKAGE_NAME "neko"
      |  1
Warning: Illegal preprocessor directive
conftest.f:3:2:

    3 | #define PACKAGE_TARNAME "neko"
      |  1
Warning: Illegal preprocessor directive
conftest.f:4:2:

    4 | #define PACKAGE_VERSION "1.0.0-rc2"
      |  1
Warning: Illegal preprocessor directive
conftest.f:5:2:

    5 | #define PACKAGE_STRING "neko 1.0.0-rc2"
      |  1
Warning: Illegal preprocessor directive
conftest.f:6:2:

    6 | #define PACKAGE_BUGREPORT ""
      |  1
Warning: Illegal preprocessor directive
conftest.f:7:2:

    7 | #define PACKAGE_URL ""
      |  1
Warning: Illegal preprocessor directive
conftest.f:8:2:

    8 | #define PACKAGE "neko"
      |  1
Warning: Illegal preprocessor directive
conftest.f:9:2:

    9 | #define VERSION "1.0.0-rc2"
      |  1
Warning: Illegal preprocessor directive
conftest.f:11:2:

   11 | #include <stddef.h>
      |  1
Warning: Illegal preprocessor directive
conftest.f:12:2:

   12 | #ifdef HAVE_STDIO_H
      |  1
Warning: Illegal preprocessor directive
conftest.f:13:2:

   13 | # include <stdio.h>
      |  1
Warning: Illegal preprocessor directive
conftest.f:14:2:

   14 | #endif
      |  1
Warning: Illegal preprocessor directive
conftest.f:15:2:

   15 | #ifdef HAVE_STDLIB_H
      |  1
Warning: Illegal preprocessor directive
conftest.f:16:2:

   16 | # include <stdlib.h>
      |  1
Warning: Illegal preprocessor directive
conftest.f:17:2:

   17 | #endif
      |  1
Warning: Illegal preprocessor directive
conftest.f:18:2:

   18 | #ifdef HAVE_STRING_H
      |  1
Warning: Illegal preprocessor directive
conftest.f:19:2:

   19 | # include <string.h>
      |  1
Warning: Illegal preprocessor directive
conftest.f:20:2:

   20 | #endif
      |  1
Warning: Illegal preprocessor directive
conftest.f:21:2:

   21 | #ifdef HAVE_INTTYPES_H
      |  1
Warning: Illegal preprocessor directive
conftest.f:22:2:

   22 | # include <inttypes.h>
      |  1
Warning: Illegal preprocessor directive
conftest.f:23:2:

   23 | #endif
      |  1
Warning: Illegal preprocessor directive
conftest.f:24:2:

   24 | #ifdef HAVE_STDINT_H
      |  1
Warning: Illegal preprocessor directive
conftest.f:25:2:

   25 | # include <stdint.h>
      |  1
Warning: Illegal preprocessor directive
conftest.f:26:2:

   26 | #endif
      |  1
Warning: Illegal preprocessor directive
conftest.f:27:2:

   27 | #ifdef HAVE_STRINGS_H
      |  1
Warning: Illegal preprocessor directive
conftest.f:28:2:

   28 | # include <strings.h>
      |  1
Warning: Illegal preprocessor directive
conftest.f:29:2:

   29 | #endif
      |  1
Warning: Illegal preprocessor directive
conftest.f:30:2:

   30 | #ifdef HAVE_SYS_TYPES_H
      |  1
Warning: Illegal preprocessor directive
conftest.f:31:2:

   31 | # include <sys/types.h>
      |  1
Warning: Illegal preprocessor directive
conftest.f:32:2:

   32 | #endif
      |  1
Warning: Illegal preprocessor directive
conftest.f:33:2:

   33 | #ifdef HAVE_SYS_STAT_H
      |  1
Warning: Illegal preprocessor directive
conftest.f:34:2:

   34 | # include <sys/stat.h>
      |  1
Warning: Illegal preprocessor directive
conftest.f:35:2:

   35 | #endif
      |  1
Warning: Illegal preprocessor directive
conftest.f:36:2:

   36 | #ifdef HAVE_UNISTD_H
      |  1
Warning: Illegal preprocessor directive
conftest.f:37:2:

   37 | # include <unistd.h>
      |  1
Warning: Illegal preprocessor directive
conftest.f:38:2:

   38 | #endif
      |  1
Warning: Illegal preprocessor directive
conftest.f:39:2:

   39 | #include <stdint.h>
      |  1
Warning: Illegal preprocessor directive
conftest.f:1:2:

    1 | /* confdefs.h */
      |  1
Error: Non-numeric character in statement label at (1)
conftest.f:1:3:

    1 | /* confdefs.h */
      |   1
Error: Invalid character in name at (1)
conftest.f:10:2:

   10 | /* end confdefs.h.  */
      |  1
Error: Non-numeric character in statement label at (1)
conftest.f:10:3:

   10 | /* end confdefs.h.  */
      |   1
Error: Invalid character in name at (1)
configure:9320: $? = 1
configure: failed program was:
| /* confdefs.h */
| #define PACKAGE_NAME "neko"
| #define PACKAGE_TARNAME "neko"
| #define PACKAGE_VERSION "1.0.0-rc2"
| #define PACKAGE_STRING "neko 1.0.0-rc2"
| #define PACKAGE_BUGREPORT ""
| #define PACKAGE_URL ""
| #define PACKAGE "neko"
| #define VERSION "1.0.0-rc2"
| /* end confdefs.h.  */
| #include <stddef.h>
| #ifdef HAVE_STDIO_H
| # include <stdio.h>
| #endif
| #ifdef HAVE_STDLIB_H
| # include <stdlib.h>
| #endif
| #ifdef HAVE_STRING_H
| # include <string.h>
| #endif
| #ifdef HAVE_INTTYPES_H
| # include <inttypes.h>
| #endif
| #ifdef HAVE_STDINT_H
| # include <stdint.h>
| #endif
| #ifdef HAVE_STRINGS_H
| # include <strings.h>
| #endif
| #ifdef HAVE_SYS_TYPES_H
| # include <sys/types.h>
| #endif
| #ifdef HAVE_SYS_STAT_H
| # include <sys/stat.h>
| #endif
| #ifdef HAVE_UNISTD_H
| # include <unistd.h>
| #endif
| #include <stdint.h>
configure:9320: result: no
configure:9320: checking for strings.h
configure:9320: gfortran -c -g -O2  conftest.f >&5
conftest.f:2:2:

    2 | #define PACKAGE_NAME "neko"
      |  1
Warning: Illegal preprocessor directive
conftest.f:3:2:

    3 | #define PACKAGE_TARNAME "neko"
      |  1
Warning: Illegal preprocessor directive
conftest.f:4:2:

    4 | #define PACKAGE_VERSION "1.0.0-rc2"
      |  1
Warning: Illegal preprocessor directive
conftest.f:5:2:

    5 | #define PACKAGE_STRING "neko 1.0.0-rc2"
      |  1
Warning: Illegal preprocessor directive
conftest.f:6:2:

    6 | #define PACKAGE_BUGREPORT ""
      |  1
Warning: Illegal preprocessor directive
conftest.f:7:2:

    7 | #define PACKAGE_URL ""
      |  1
Warning: Illegal preprocessor directive
conftest.f:8:2:

    8 | #define PACKAGE "neko"
      |  1
Warning: Illegal preprocessor directive
conftest.f:9:2:

    9 | #define VERSION "1.0.0-rc2"
      |  1
Warning: Illegal preprocessor directive
conftest.f:11:2:

   11 | #include <stddef.h>
      |  1
Warning: Illegal preprocessor directive
conftest.f:12:2:

   12 | #ifdef HAVE_STDIO_H
      |  1
Warning: Illegal preprocessor directive
conftest.f:13:2:

   13 | # include <stdio.h>
      |  1
Warning: Illegal preprocessor directive
conftest.f:14:2:

   14 | #endif
      |  1
Warning: Illegal preprocessor directive
conftest.f:15:2:

   15 | #ifdef HAVE_STDLIB_H
      |  1
Warning: Illegal preprocessor directive
conftest.f:16:2:

   16 | # include <stdlib.h>
      |  1
Warning: Illegal preprocessor directive
conftest.f:17:2:

   17 | #endif
      |  1
Warning: Illegal preprocessor directive
conftest.f:18:2:

   18 | #ifdef HAVE_STRING_H
      |  1
Warning: Illegal preprocessor directive
conftest.f:19:2:

   19 | # include <string.h>
      |  1
Warning: Illegal preprocessor directive
conftest.f:20:2:

   20 | #endif
      |  1
Warning: Illegal preprocessor directive
conftest.f:21:2:

   21 | #ifdef HAVE_INTTYPES_H
      |  1
Warning: Illegal preprocessor directive
conftest.f:22:2:

   22 | # include <inttypes.h>
      |  1
Warning: Illegal preprocessor directive
conftest.f:23:2:

   23 | #endif
      |  1
Warning: Illegal preprocessor directive
conftest.f:24:2:

   24 | #ifdef HAVE_STDINT_H
      |  1
Warning: Illegal preprocessor directive
conftest.f:25:2:

   25 | # include <stdint.h>
      |  1
Warning: Illegal preprocessor directive
conftest.f:26:2:

   26 | #endif
      |  1
Warning: Illegal preprocessor directive
conftest.f:27:2:

   27 | #ifdef HAVE_STRINGS_H
      |  1
Warning: Illegal preprocessor directive
conftest.f:28:2:

   28 | # include <strings.h>
      |  1
Warning: Illegal preprocessor directive
conftest.f:29:2:

   29 | #endif
      |  1
Warning: Illegal preprocessor directive
conftest.f:30:2:

   30 | #ifdef HAVE_SYS_TYPES_H
      |  1
Warning: Illegal preprocessor directive
conftest.f:31:2:

   31 | # include <sys/types.h>
      |  1
Warning: Illegal preprocessor directive
conftest.f:32:2:

   32 | #endif
      |  1
Warning: Illegal preprocessor directive
conftest.f:33:2:

   33 | #ifdef HAVE_SYS_STAT_H
      |  1
Warning: Illegal preprocessor directive
conftest.f:34:2:

   34 | # include <sys/stat.h>
      |  1
Warning: Illegal preprocessor directive
conftest.f:35:2:

   35 | #endif
      |  1
Warning: Illegal preprocessor directive
conftest.f:36:2:

   36 | #ifdef HAVE_UNISTD_H
      |  1
Warning: Illegal preprocessor directive
conftest.f:37:2:

   37 | # include <unistd.h>
      |  1
Warning: Illegal preprocessor directive
conftest.f:38:2:

   38 | #endif
      |  1
Warning: Illegal preprocessor directive
conftest.f:39:2:

   39 | #include <strings.h>
      |  1
Warning: Illegal preprocessor directive
conftest.f:1:2:

    1 | /* confdefs.h */
      |  1
Error: Non-numeric character in statement label at (1)
conftest.f:1:3:

    1 | /* confdefs.h */
      |   1
Error: Invalid character in name at (1)
conftest.f:10:2:

   10 | /* end confdefs.h.  */
      |  1
Error: Non-numeric character in statement label at (1)
conftest.f:10:3:

   10 | /* end confdefs.h.  */
      |   1
Error: Invalid character in name at (1)
configure:9320: $? = 1
configure: failed program was:
| /* confdefs.h */
| #define PACKAGE_NAME "neko"
| #define PACKAGE_TARNAME "neko"
| #define PACKAGE_VERSION "1.0.0-rc2"
| #define PACKAGE_STRING "neko 1.0.0-rc2"
| #define PACKAGE_BUGREPORT ""
| #define PACKAGE_URL ""
| #define PACKAGE "neko"
| #define VERSION "1.0.0-rc2"
| /* end confdefs.h.  */
| #include <stddef.h>
| #ifdef HAVE_STDIO_H
| # include <stdio.h>
| #endif
| #ifdef HAVE_STDLIB_H
| # include <stdlib.h>
| #endif
| #ifdef HAVE_STRING_H
| # include <string.h>
| #endif
| #ifdef HAVE_INTTYPES_H
| # include <inttypes.h>
| #endif
| #ifdef HAVE_STDINT_H
| # include <stdint.h>
| #endif
| #ifdef HAVE_STRINGS_H
| # include <strings.h>
| #endif
| #ifdef HAVE_SYS_TYPES_H
| # include <sys/types.h>
| #endif
| #ifdef HAVE_SYS_STAT_H
| # include <sys/stat.h>
| #endif
| #ifdef HAVE_UNISTD_H
| # include <unistd.h>
| #endif
| #include <strings.h>
configure:9320: result: no
configure:9320: checking for sys/stat.h
configure:9320: gfortran -c -g -O2  conftest.f >&5
conftest.f:2:2:

    2 | #define PACKAGE_NAME "neko"
      |  1
Warning: Illegal preprocessor directive
conftest.f:3:2:

    3 | #define PACKAGE_TARNAME "neko"
      |  1
Warning: Illegal preprocessor directive
conftest.f:4:2:

    4 | #define PACKAGE_VERSION "1.0.0-rc2"
      |  1
Warning: Illegal preprocessor directive
conftest.f:5:2:

    5 | #define PACKAGE_STRING "neko 1.0.0-rc2"
      |  1
Warning: Illegal preprocessor directive
conftest.f:6:2:

    6 | #define PACKAGE_BUGREPORT ""
      |  1
Warning: Illegal preprocessor directive
conftest.f:7:2:

    7 | #define PACKAGE_URL ""
      |  1
Warning: Illegal preprocessor directive
conftest.f:8:2:

    8 | #define PACKAGE "neko"
      |  1
Warning: Illegal preprocessor directive
conftest.f:9:2:

    9 | #define VERSION "1.0.0-rc2"
      |  1
Warning: Illegal preprocessor directive
conftest.f:11:2:

   11 | #include <stddef.h>
      |  1
Warning: Illegal preprocessor directive
conftest.f:12:2:

   12 | #ifdef HAVE_STDIO_H
      |  1
Warning: Illegal preprocessor directive
conftest.f:13:2:

   13 | # include <stdio.h>
      |  1
Warning: Illegal preprocessor directive
conftest.f:14:2:

   14 | #endif
      |  1
Warning: Illegal preprocessor directive
conftest.f:15:2:

   15 | #ifdef HAVE_STDLIB_H
      |  1
Warning: Illegal preprocessor directive
conftest.f:16:2:

   16 | # include <stdlib.h>
      |  1
Warning: Illegal preprocessor directive
conftest.f:17:2:

   17 | #endif
      |  1
Warning: Illegal preprocessor directive
conftest.f:18:2:

   18 | #ifdef HAVE_STRING_H
      |  1
Warning: Illegal preprocessor directive
conftest.f:19:2:

   19 | # include <string.h>
      |  1
Warning: Illegal preprocessor directive
conftest.f:20:2:

   20 | #endif
      |  1
Warning: Illegal preprocessor directive
conftest.f:21:2:

   21 | #ifdef HAVE_INTTYPES_H
      |  1
Warning: Illegal preprocessor directive
conftest.f:22:2:

   22 | # include <inttypes.h>
      |  1
Warning: Illegal preprocessor directive
conftest.f:23:2:

   23 | #endif
      |  1
Warning: Illegal preprocessor directive
conftest.f:24:2:

   24 | #ifdef HAVE_STDINT_H
      |  1
Warning: Illegal preprocessor directive
conftest.f:25:2:

   25 | # include <stdint.h>
      |  1
Warning: Illegal preprocessor directive
conftest.f:26:2:

   26 | #endif
      |  1
Warning: Illegal preprocessor directive
conftest.f:27:2:

   27 | #ifdef HAVE_STRINGS_H
      |  1
Warning: Illegal preprocessor directive
conftest.f:28:2:

   28 | # include <strings.h>
      |  1
Warning: Illegal preprocessor directive
conftest.f:29:2:

   29 | #endif
      |  1
Warning: Illegal preprocessor directive
conftest.f:30:2:

   30 | #ifdef HAVE_SYS_TYPES_H
      |  1
Warning: Illegal preprocessor directive
conftest.f:31:2:

   31 | # include <sys/types.h>
      |  1
Warning: Illegal preprocessor directive
conftest.f:32:2:

   32 | #endif
      |  1
Warning: Illegal preprocessor directive
conftest.f:33:2:

   33 | #ifdef HAVE_SYS_STAT_H
      |  1
Warning: Illegal preprocessor directive
conftest.f:34:2:

   34 | # include <sys/stat.h>
      |  1
Warning: Illegal preprocessor directive
conftest.f:35:2:

   35 | #endif
      |  1
Warning: Illegal preprocessor directive
conftest.f:36:2:

   36 | #ifdef HAVE_UNISTD_H
      |  1
Warning: Illegal preprocessor directive
conftest.f:37:2:

   37 | # include <unistd.h>
      |  1
Warning: Illegal preprocessor directive
conftest.f:38:2:

   38 | #endif
      |  1
Warning: Illegal preprocessor directive
conftest.f:39:2:

   39 | #include <sys/stat.h>
      |  1
Warning: Illegal preprocessor directive
conftest.f:1:2:

    1 | /* confdefs.h */
      |  1
Error: Non-numeric character in statement label at (1)
conftest.f:1:3:

    1 | /* confdefs.h */
      |   1
Error: Invalid character in name at (1)
conftest.f:10:2:

   10 | /* end confdefs.h.  */
      |  1
Error: Non-numeric character in statement label at (1)
conftest.f:10:3:

   10 | /* end confdefs.h.  */
      |   1
Error: Invalid character in name at (1)
configure:9320: $? = 1
configure: failed program was:
| /* confdefs.h */
| #define PACKAGE_NAME "neko"
| #define PACKAGE_TARNAME "neko"
| #define PACKAGE_VERSION "1.0.0-rc2"
| #define PACKAGE_STRING "neko 1.0.0-rc2"
| #define PACKAGE_BUGREPORT ""
| #define PACKAGE_URL ""
| #define PACKAGE "neko"
| #define VERSION "1.0.0-rc2"
| /* end confdefs.h.  */
| #include <stddef.h>
| #ifdef HAVE_STDIO_H
| # include <stdio.h>
| #endif
| #ifdef HAVE_STDLIB_H
| # include <stdlib.h>
| #endif
| #ifdef HAVE_STRING_H
| # include <string.h>
| #endif
| #ifdef HAVE_INTTYPES_H
| # include <inttypes.h>
| #endif
| #ifdef HAVE_STDINT_H
| # include <stdint.h>
| #endif
| #ifdef HAVE_STRINGS_H
| # include <strings.h>
| #endif
| #ifdef HAVE_SYS_TYPES_H
| # include <sys/types.h>
| #endif
| #ifdef HAVE_SYS_STAT_H
| # include <sys/stat.h>
| #endif
| #ifdef HAVE_UNISTD_H
| # include <unistd.h>
| #endif
| #include <sys/stat.h>
configure:9320: result: no
configure:9320: checking for sys/types.h
configure:9320: gfortran -c -g -O2  conftest.f >&5
conftest.f:2:2:

    2 | #define PACKAGE_NAME "neko"
      |  1
Warning: Illegal preprocessor directive
conftest.f:3:2:

    3 | #define PACKAGE_TARNAME "neko"
      |  1
Warning: Illegal preprocessor directive
conftest.f:4:2:

    4 | #define PACKAGE_VERSION "1.0.0-rc2"
      |  1
Warning: Illegal preprocessor directive
conftest.f:5:2:

    5 | #define PACKAGE_STRING "neko 1.0.0-rc2"
      |  1
Warning: Illegal preprocessor directive
conftest.f:6:2:

    6 | #define PACKAGE_BUGREPORT ""
      |  1
Warning: Illegal preprocessor directive
conftest.f:7:2:

    7 | #define PACKAGE_URL ""
      |  1
Warning: Illegal preprocessor directive
conftest.f:8:2:

    8 | #define PACKAGE "neko"
      |  1
Warning: Illegal preprocessor directive
conftest.f:9:2:

    9 | #define VERSION "1.0.0-rc2"
      |  1
Warning: Illegal preprocessor directive
conftest.f:11:2:

   11 | #include <stddef.h>
      |  1
Warning: Illegal preprocessor directive
conftest.f:12:2:

   12 | #ifdef HAVE_STDIO_H
      |  1
Warning: Illegal preprocessor directive
conftest.f:13:2:

   13 | # include <stdio.h>
      |  1
Warning: Illegal preprocessor directive
conftest.f:14:2:

   14 | #endif
      |  1
Warning: Illegal preprocessor directive
conftest.f:15:2:

   15 | #ifdef HAVE_STDLIB_H
      |  1
Warning: Illegal preprocessor directive
conftest.f:16:2:

   16 | # include <stdlib.h>
      |  1
Warning: Illegal preprocessor directive
conftest.f:17:2:

   17 | #endif
      |  1
Warning: Illegal preprocessor directive
conftest.f:18:2:

   18 | #ifdef HAVE_STRING_H
      |  1
Warning: Illegal preprocessor directive
conftest.f:19:2:

   19 | # include <string.h>
      |  1
Warning: Illegal preprocessor directive
conftest.f:20:2:

   20 | #endif
      |  1
Warning: Illegal preprocessor directive
conftest.f:21:2:

   21 | #ifdef HAVE_INTTYPES_H
      |  1
Warning: Illegal preprocessor directive
conftest.f:22:2:

   22 | # include <inttypes.h>
      |  1
Warning: Illegal preprocessor directive
conftest.f:23:2:

   23 | #endif
      |  1
Warning: Illegal preprocessor directive
conftest.f:24:2:

   24 | #ifdef HAVE_STDINT_H
      |  1
Warning: Illegal preprocessor directive
conftest.f:25:2:

   25 | # include <stdint.h>
      |  1
Warning: Illegal preprocessor directive
conftest.f:26:2:

   26 | #endif
      |  1
Warning: Illegal preprocessor directive
conftest.f:27:2:

   27 | #ifdef HAVE_STRINGS_H
      |  1
Warning: Illegal preprocessor directive
conftest.f:28:2:

   28 | # include <strings.h>
      |  1
Warning: Illegal preprocessor directive
conftest.f:29:2:

   29 | #endif
      |  1
Warning: Illegal preprocessor directive
conftest.f:30:2:

   30 | #ifdef HAVE_SYS_TYPES_H
      |  1
Warning: Illegal preprocessor directive
conftest.f:31:2:

   31 | # include <sys/types.h>
      |  1
Warning: Illegal preprocessor directive
conftest.f:32:2:

   32 | #endif
      |  1
Warning: Illegal preprocessor directive
conftest.f:33:2:

   33 | #ifdef HAVE_SYS_STAT_H
      |  1
Warning: Illegal preprocessor directive
conftest.f:34:2:

   34 | # include <sys/stat.h>
      |  1
Warning: Illegal preprocessor directive
conftest.f:35:2:

   35 | #endif
      |  1
Warning: Illegal preprocessor directive
conftest.f:36:2:

   36 | #ifdef HAVE_UNISTD_H
      |  1
Warning: Illegal preprocessor directive
conftest.f:37:2:

   37 | # include <unistd.h>
      |  1
Warning: Illegal preprocessor directive
conftest.f:38:2:

   38 | #endif
      |  1
Warning: Illegal preprocessor directive
conftest.f:39:2:

   39 | #include <sys/types.h>
      |  1
Warning: Illegal preprocessor directive
conftest.f:1:2:

    1 | /* confdefs.h */
      |  1
Error: Non-numeric character in statement label at (1)
conftest.f:1:3:

    1 | /* confdefs.h */
      |   1
Error: Invalid character in name at (1)
conftest.f:10:2:

   10 | /* end confdefs.h.  */
      |  1
Error: Non-numeric character in statement label at (1)
conftest.f:10:3:

   10 | /* end confdefs.h.  */
      |   1
Error: Invalid character in name at (1)
configure:9320: $? = 1
configure: failed program was:
| /* confdefs.h */
| #define PACKAGE_NAME "neko"
| #define PACKAGE_TARNAME "neko"
| #define PACKAGE_VERSION "1.0.0-rc2"
| #define PACKAGE_STRING "neko 1.0.0-rc2"
| #define PACKAGE_BUGREPORT ""
| #define PACKAGE_URL ""
| #define PACKAGE "neko"
| #define VERSION "1.0.0-rc2"
| /* end confdefs.h.  */
| #include <stddef.h>
| #ifdef HAVE_STDIO_H
| # include <stdio.h>
| #endif
| #ifdef HAVE_STDLIB_H
| # include <stdlib.h>
| #endif
| #ifdef HAVE_STRING_H
| # include <string.h>
| #endif
| #ifdef HAVE_INTTYPES_H
| # include <inttypes.h>
| #endif
| #ifdef HAVE_STDINT_H
| # include <stdint.h>
| #endif
| #ifdef HAVE_STRINGS_H
| # include <strings.h>
| #endif
| #ifdef HAVE_SYS_TYPES_H
| # include <sys/types.h>
| #endif
| #ifdef HAVE_SYS_STAT_H
| # include <sys/stat.h>
| #endif
| #ifdef HAVE_UNISTD_H
| # include <unistd.h>
| #endif
| #include <sys/types.h>
configure:9320: result: no
configure:9320: checking for unistd.h
configure:9320: gfortran -c -g -O2  conftest.f >&5
conftest.f:2:2:

    2 | #define PACKAGE_NAME "neko"
      |  1
Warning: Illegal preprocessor directive
conftest.f:3:2:

    3 | #define PACKAGE_TARNAME "neko"
      |  1
Warning: Illegal preprocessor directive
conftest.f:4:2:

    4 | #define PACKAGE_VERSION "1.0.0-rc2"
      |  1
Warning: Illegal preprocessor directive
conftest.f:5:2:

    5 | #define PACKAGE_STRING "neko 1.0.0-rc2"
      |  1
Warning: Illegal preprocessor directive
conftest.f:6:2:

    6 | #define PACKAGE_BUGREPORT ""
      |  1
Warning: Illegal preprocessor directive
conftest.f:7:2:

    7 | #define PACKAGE_URL ""
      |  1
Warning: Illegal preprocessor directive
conftest.f:8:2:

    8 | #define PACKAGE "neko"
      |  1
Warning: Illegal preprocessor directive
conftest.f:9:2:

    9 | #define VERSION "1.0.0-rc2"
      |  1
Warning: Illegal preprocessor directive
conftest.f:11:2:

   11 | #include <stddef.h>
      |  1
Warning: Illegal preprocessor directive
conftest.f:12:2:

   12 | #ifdef HAVE_STDIO_H
      |  1
Warning: Illegal preprocessor directive
conftest.f:13:2:

   13 | # include <stdio.h>
      |  1
Warning: Illegal preprocessor directive
conftest.f:14:2:

   14 | #endif
      |  1
Warning: Illegal preprocessor directive
conftest.f:15:2:

   15 | #ifdef HAVE_STDLIB_H
      |  1
Warning: Illegal preprocessor directive
conftest.f:16:2:

   16 | # include <stdlib.h>
      |  1
Warning: Illegal preprocessor directive
conftest.f:17:2:

   17 | #endif
      |  1
Warning: Illegal preprocessor directive
conftest.f:18:2:

   18 | #ifdef HAVE_STRING_H
      |  1
Warning: Illegal preprocessor directive
conftest.f:19:2:

   19 | # include <string.h>
      |  1
Warning: Illegal preprocessor directive
conftest.f:20:2:

   20 | #endif
      |  1
Warning: Illegal preprocessor directive
conftest.f:21:2:

   21 | #ifdef HAVE_INTTYPES_H
      |  1
Warning: Illegal preprocessor directive
conftest.f:22:2:

   22 | # include <inttypes.h>
      |  1
Warning: Illegal preprocessor directive
conftest.f:23:2:

   23 | #endif
      |  1
Warning: Illegal preprocessor directive
conftest.f:24:2:

   24 | #ifdef HAVE_STDINT_H
      |  1
Warning: Illegal preprocessor directive
conftest.f:25:2:

   25 | # include <stdint.h>
      |  1
Warning: Illegal preprocessor directive
conftest.f:26:2:

   26 | #endif
      |  1
Warning: Illegal preprocessor directive
conftest.f:27:2:

   27 | #ifdef HAVE_STRINGS_H
      |  1
Warning: Illegal preprocessor directive
conftest.f:28:2:

   28 | # include <strings.h>
      |  1
Warning: Illegal preprocessor directive
conftest.f:29:2:

   29 | #endif
      |  1
Warning: Illegal preprocessor directive
conftest.f:30:2:

   30 | #ifdef HAVE_SYS_TYPES_H
      |  1
Warning: Illegal preprocessor directive
conftest.f:31:2:

   31 | # include <sys/types.h>
      |  1
Warning: Illegal preprocessor directive
conftest.f:32:2:

   32 | #endif
      |  1
Warning: Illegal preprocessor directive
conftest.f:33:2:

   33 | #ifdef HAVE_SYS_STAT_H
      |  1
Warning: Illegal preprocessor directive
conftest.f:34:2:

   34 | # include <sys/stat.h>
      |  1
Warning: Illegal preprocessor directive
conftest.f:35:2:

   35 | #endif
      |  1
Warning: Illegal preprocessor directive
conftest.f:36:2:

   36 | #ifdef HAVE_UNISTD_H
      |  1
Warning: Illegal preprocessor directive
conftest.f:37:2:

   37 | # include <unistd.h>
      |  1
Warning: Illegal preprocessor directive
conftest.f:38:2:

   38 | #endif
      |  1
Warning: Illegal preprocessor directive
conftest.f:39:2:

   39 | #include <unistd.h>
      |  1
Warning: Illegal preprocessor directive
conftest.f:1:2:

    1 | /* confdefs.h */
      |  1
Error: Non-numeric character in statement label at (1)
conftest.f:1:3:

    1 | /* confdefs.h */
      |   1
Error: Invalid character in name at (1)
conftest.f:10:2:

   10 | /* end confdefs.h.  */
      |  1
Error: Non-numeric character in statement label at (1)
conftest.f:10:3:

   10 | /* end confdefs.h.  */
      |   1
Error: Invalid character in name at (1)
configure:9320: $? = 1
configure: failed program was:
| /* confdefs.h */
| #define PACKAGE_NAME "neko"
| #define PACKAGE_TARNAME "neko"
| #define PACKAGE_VERSION "1.0.0-rc2"
| #define PACKAGE_STRING "neko 1.0.0-rc2"
| #define PACKAGE_BUGREPORT ""
| #define PACKAGE_URL ""
| #define PACKAGE "neko"
| #define VERSION "1.0.0-rc2"
| /* end confdefs.h.  */
| #include <stddef.h>
| #ifdef HAVE_STDIO_H
| # include <stdio.h>
| #endif
| #ifdef HAVE_STDLIB_H
| # include <stdlib.h>
| #endif
| #ifdef HAVE_STRING_H
| # include <string.h>
| #endif
| #ifdef HAVE_INTTYPES_H
| # include <inttypes.h>
| #endif
| #ifdef HAVE_STDINT_H
| # include <stdint.h>
| #endif
| #ifdef HAVE_STRINGS_H
| # include <strings.h>
| #endif
| #ifdef HAVE_SYS_TYPES_H
| # include <sys/types.h>
| #endif
| #ifdef HAVE_SYS_STAT_H
| # include <sys/stat.h>
| #endif
| #ifdef HAVE_UNISTD_H
| # include <unistd.h>
| #endif
| #include <unistd.h>
configure:9320: result: no
configure:9345: checking for dlfcn.h
configure:9345: gfortran -c -g -O2  conftest.f >&5
conftest.f:2:2:

    2 | #define PACKAGE_NAME "neko"
      |  1
Warning: Illegal preprocessor directive
conftest.f:3:2:

    3 | #define PACKAGE_TARNAME "neko"
      |  1
Warning: Illegal preprocessor directive
conftest.f:4:2:

    4 | #define PACKAGE_VERSION "1.0.0-rc2"
      |  1
Warning: Illegal preprocessor directive
conftest.f:5:2:

    5 | #define PACKAGE_STRING "neko 1.0.0-rc2"
      |  1
Warning: Illegal preprocessor directive
conftest.f:6:2:

    6 | #define PACKAGE_BUGREPORT ""
      |  1
Warning: Illegal preprocessor directive
conftest.f:7:2:

    7 | #define PACKAGE_URL ""
      |  1
Warning: Illegal preprocessor directive
conftest.f:8:2:

    8 | #define PACKAGE "neko"
      |  1
Warning: Illegal preprocessor directive
conftest.f:9:2:

    9 | #define VERSION "1.0.0-rc2"
      |  1
Warning: Illegal preprocessor directive
conftest.f:11:2:

   11 | #include <stddef.h>
      |  1
Warning: Illegal preprocessor directive
conftest.f:12:2:

   12 | #ifdef HAVE_STDIO_H
      |  1
Warning: Illegal preprocessor directive
conftest.f:13:2:

   13 | # include <stdio.h>
      |  1
Warning: Illegal preprocessor directive
conftest.f:14:2:

   14 | #endif
      |  1
Warning: Illegal preprocessor directive
conftest.f:15:2:

   15 | #ifdef HAVE_STDLIB_H
      |  1
Warning: Illegal preprocessor directive
conftest.f:16:2:

   16 | # include <stdlib.h>
      |  1
Warning: Illegal preprocessor directive
conftest.f:17:2:

   17 | #endif
      |  1
Warning: Illegal preprocessor directive
conftest.f:18:2:

   18 | #ifdef HAVE_STRING_H
      |  1
Warning: Illegal preprocessor directive
conftest.f:19:2:

   19 | # include <string.h>
      |  1
Warning: Illegal preprocessor directive
conftest.f:20:2:

   20 | #endif
      |  1
Warning: Illegal preprocessor directive
conftest.f:21:2:

   21 | #ifdef HAVE_INTTYPES_H
      |  1
Warning: Illegal preprocessor directive
conftest.f:22:2:

   22 | # include <inttypes.h>
      |  1
Warning: Illegal preprocessor directive
conftest.f:23:2:

   23 | #endif
      |  1
Warning: Illegal preprocessor directive
conftest.f:24:2:

   24 | #ifdef HAVE_STDINT_H
      |  1
Warning: Illegal preprocessor directive
conftest.f:25:2:

   25 | # include <stdint.h>
      |  1
Warning: Illegal preprocessor directive
conftest.f:26:2:

   26 | #endif
      |  1
Warning: Illegal preprocessor directive
conftest.f:27:2:

   27 | #ifdef HAVE_STRINGS_H
      |  1
Warning: Illegal preprocessor directive
conftest.f:28:2:

   28 | # include <strings.h>
      |  1
Warning: Illegal preprocessor directive
conftest.f:29:2:

   29 | #endif
      |  1
Warning: Illegal preprocessor directive
conftest.f:30:2:

   30 | #ifdef HAVE_SYS_TYPES_H
      |  1
Warning: Illegal preprocessor directive
conftest.f:31:2:

   31 | # include <sys/types.h>
      |  1
Warning: Illegal preprocessor directive
conftest.f:32:2:

   32 | #endif
      |  1
Warning: Illegal preprocessor directive
conftest.f:33:2:

   33 | #ifdef HAVE_SYS_STAT_H
      |  1
Warning: Illegal preprocessor directive
conftest.f:34:2:

   34 | # include <sys/stat.h>
      |  1
Warning: Illegal preprocessor directive
conftest.f:35:2:

   35 | #endif
      |  1
Warning: Illegal preprocessor directive
conftest.f:36:2:

   36 | #ifdef HAVE_UNISTD_H
      |  1
Warning: Illegal preprocessor directive
conftest.f:37:2:

   37 | # include <unistd.h>
      |  1
Warning: Illegal preprocessor directive
conftest.f:38:2:

   38 | #endif
      |  1
Warning: Illegal preprocessor directive
conftest.f:40:2:

   40 | #include <dlfcn.h>
      |  1
Warning: Illegal preprocessor directive
conftest.f:1:2:

    1 | /* confdefs.h */
      |  1
Error: Non-numeric character in statement label at (1)
conftest.f:1:3:

    1 | /* confdefs.h */
      |   1
Error: Invalid character in name at (1)
conftest.f:10:2:

   10 | /* end confdefs.h.  */
      |  1
Error: Non-numeric character in statement label at (1)
conftest.f:10:3:

   10 | /* end confdefs.h.  */
      |   1
Error: Invalid character in name at (1)
configure:9345: $? = 1
configure: failed program was:
| /* confdefs.h */
| #define PACKAGE_NAME "neko"
| #define PACKAGE_TARNAME "neko"
| #define PACKAGE_VERSION "1.0.0-rc2"
| #define PACKAGE_STRING "neko 1.0.0-rc2"
| #define PACKAGE_BUGREPORT ""
| #define PACKAGE_URL ""
| #define PACKAGE "neko"
| #define VERSION "1.0.0-rc2"
| /* end confdefs.h.  */
| #include <stddef.h>
| #ifdef HAVE_STDIO_H
| # include <stdio.h>
| #endif
| #ifdef HAVE_STDLIB_H
| # include <stdlib.h>
| #endif
| #ifdef HAVE_STRING_H
| # include <string.h>
| #endif
| #ifdef HAVE_INTTYPES_H
| # include <inttypes.h>
| #endif
| #ifdef HAVE_STDINT_H
| # include <stdint.h>
| #endif
| #ifdef HAVE_STRINGS_H
| # include <strings.h>
| #endif
| #ifdef HAVE_SYS_TYPES_H
| # include <sys/types.h>
| #endif
| #ifdef HAVE_SYS_STAT_H
| # include <sys/stat.h>
| #endif
| #ifdef HAVE_UNISTD_H
| # include <unistd.h>
| #endif
| 
| #include <dlfcn.h>
configure:9345: result: no
configure:9613: checking for objdir
configure:9629: result: .libs
configure:9893: checking if gcc supports -fno-rtti -fno-exceptions
configure:9912: gcc -c -g -O2  -fno-rtti -fno-exceptions conftest.c >&5
cc1: warning: command-line option '-fno-rtti' is valid for C++/D/ObjC++ but not for C
configure:9916: $? = 0
configure:9929: result: no
configure:10293: checking for gcc option to produce PIC
configure:10301: result: -fPIC -DPIC
configure:10309: checking if gcc PIC flag -fPIC -DPIC works
configure:10328: gcc -c -g -O2  -fPIC -DPIC -DPIC conftest.c >&5
configure:10332: $? = 0
configure:10345: result: yes
configure:10374: checking if gcc static flag -static works
configure:10403: result: yes
configure:10418: checking if gcc supports -c -o file.o
configure:10440: gcc -c -g -O2  -o out/conftest2.o conftest.c >&5
configure:10444: $? = 0
configure:10466: result: yes
configure:10474: checking if gcc supports -c -o file.o
configure:10522: result: yes
configure:10555: checking whether the gcc linker (/usr/bin/ld) supports shared libraries
configure:11829: result: yes
configure:12070: checking dynamic linker characteristics
configure:12652: gcc -o conftest -g -O2   -Wl,-rpath -Wl,/foo conftest.c  >&5
configure:12652: $? = 0
configure:12903: result: GNU/Linux ld.so
configure:13025: checking how to hardcode library paths into programs
configure:13050: result: immediate
configure:13602: checking whether stripping libraries is possible
configure:13611: result: yes
configure:13653: checking if libtool supports shared libraries
configure:13655: result: yes
configure:13658: checking whether to build shared libraries
configure:13683: result: no
configure:13686: checking whether to build static libraries
configure:13690: result: yes
configure:13811: checking if libtool supports shared libraries
configure:13813: result: yes
configure:13816: checking whether to build shared libraries
configure:13840: result: no
configure:13843: checking whether to build static libraries
configure:13847: result: yes
configure:13881: gfortran -c -g -O2  conftest.f >&5
configure:13884: $? = 0
configure:14368: checking for gfortran option to produce PIC
configure:14376: result: -fPIC
configure:14384: checking if gfortran PIC flag -fPIC works
configure:14403: gfortran -c -g -O2 -fPIC  conftest.f >&5
configure:14407: $? = 0
configure:14420: result: yes
configure:14443: checking if gfortran static flag -static works
configure:14472: result: yes
configure:14484: checking if gfortran supports -c -o file.o
configure:14506: gfortran -c -g -O2 -o out/conftest2.o  conftest.f >&5
configure:14510: $? = 0
configure:14532: result: yes
configure:14537: checking if gfortran supports -c -o file.o
configure:14585: result: yes
configure:14615: checking whether the gfortran linker (/usr/bin/ld) supports shared libraries
configure:15838: result: yes
configure:15980: checking dynamic linker characteristics
configure:16734: result: GNU/Linux ld.so
configure:16799: checking how to hardcode library paths into programs
configure:16824: result: immediate
configure:17051: checking for Fortran compiler version
configure:17060: gfortran --version >&5
GNU Fortran (Ubuntu 13.3.0-6ubuntu2~24.04) 13.3.0
Copyright (C) 2023 Free Software Foundation, Inc.
This is free software; see the source for copying conditions.  There is NO
warranty; not even for MERCHANTABILITY or FITNESS FOR A PARTICULAR PURPOSE.

configure:17071: $? = 0
configure:17060: gfortran -v >&5
Using built-in specs.
COLLECT_GCC=gfortran
COLLECT_LTO_WRAPPER=/usr/libexec/gcc/x86_64-linux-gnu/13/lto-wrapper
OFFLOAD_TARGET_NAMES=nvptx-none:amdgcn-amdhsa
OFFLOAD_TARGET_DEFAULT=1
Target: x86_64-linux-gnu
Configured with: ../src/configure -v --with-pkgversion='Ubuntu 13.3.0-6ubuntu2~24.04' --with-bugurl=file:///usr/share/doc/gcc-13/README.Bugs --enable-languages=c,ada,c++,go,d,fortran,objc,obj-c++,m2 --prefix=/usr --with-gcc-major-version-only --program-suffix=-13 --program-prefix=x86_64-linux-gnu- --enable-shared --enable-linker-build-id --libexecdir=/usr/libexec --without-included-gettext --enable-threads=posix --libdir=/usr/lib --enable-nls --enable-bootstrap --enable-clocale=gnu --enable-libstdcxx-debug --enable-libstdcxx-time=yes --with-default-libstdcxx-abi=new --enable-libstdcxx-backtrace --enable-gnu-unique-object --disable-vtable-verify --enable-plugin --enable-default-pie --with-system-zlib --enable-libphobos-checking=release --with-target-system-zlib=auto --enable-objc-gc=auto --enable-multiarch --disable-werror --enable-cet --with-arch-32=i686 --with-abi=m64 --with-multilib-list=m32,m64,mx32 --enable-multilib --with-tune=generic --enable-offload-targets=nvptx-none=/build/gcc-13-fG75Ri/gcc-13-13.3.0/debian/tmp-nvptx/usr,amdgcn-amdhsa=/build/gcc-13-fG75Ri/gcc-13-13.3.0/debian/tmp-gcn/usr --enable-offload-defaulted --without-cuda-driver --enable-checking=release --build=x86_64-linux-gnu --host=x86_64-linux-gnu --target=x86_64-linux-gnu --with-build-config=bootstrap-lto-lean --enable-link-serialization=2
Thread model: posix
Supported LTO compression algorithms: zlib zstd
gcc version 13.3.0 (Ubuntu 13.3.0-6ubuntu2~24.04) 
... rest of stderr output deleted ...
configure:17071: $? = 0
configure:17060: gfortran -V >&5
gfortran: error: unrecognized command-line option '-V'
gfortran: fatal error: no input files
compilation terminated.
configure:17071: $? = 1
configure:17060: gfortran -qversion >&5
gfortran: error: unrecognized command-line option '-qversion'; did you mean '--version'?
gfortran: fatal error: no input files
compilation terminated.
configure:17071: $? = 1
configure:17080: checking whether the compiler supports GNU Fortran
configure:17104: result: yes
configure:17112: checking whether gfortran accepts -g
configure:17133: result: yes
configure:17170: checking for coarray support
configure:17182: gfortran -c -g -O2  conftest.f >&5
conftest.f:3:21:

    3 |        integer :: i[*]
      |                     1
Fatal Error: Coarrays disabled at (1), use '-fcoarray=' to enable
compilation terminated.
configure:17182: $? = 1
configure: failed program was:
| 
|        program conftest
|        integer :: i[*]
|        integer :: image_num
|        image_num = this_image()
|        sync all
|        sync images(*)
|        end program conftest
configure:17203: result: no
configure:17217: checking for derived type I/O support
configure:17246: gfortran -c -g -O2  conftest.f >&5
configure:17246: $? = 0
configure:17261: result: yes
configure:17282: checking for REAL128 support
configure:17297: gfortran -c -g -O2  conftest.f >&5
configure:17297: $? = 0
configure:17312: result: yes
configure:17334: checking for mpif90
configure:17355: found /usr/bin/mpif90
configure:17366: result: mpif90
configure:17384: checking for MPI_Init
configure:17391: mpif90 -o conftest -g -O2   conftest.f  >&5
configure:17391: $? = 0
configure:17394: result: yes
configure:17535: checking for mpif.h
configure:17542: mpif90 -c -g -O2  conftest.f >&5
configure:17542: $? = 0
configure:17544: result: yes
configure:17585: checking for mpicc
configure:17606: found /usr/bin/mpicc
configure:17617: result: mpicc
configure:17729: checking for mpi.h
configure:17742: mpicc -c -g -O2  conftest.c >&5
configure:17742: $? = 0
configure:17744: result: yes
configure:17847: checking for g++
configure:17868: found /usr/bin/g++
configure:17879: result: g++
configure:17906: checking for C++ compiler version
configure:17915: g++ --version >&5
g++ (Ubuntu 13.3.0-6ubuntu2~24.04) 13.3.0
Copyright (C) 2023 Free Software Foundation, Inc.
This is free software; see the source for copying conditions.  There is NO
warranty; not even for MERCHANTABILITY or FITNESS FOR A PARTICULAR PURPOSE.

configure:17926: $? = 0
configure:17915: g++ -v >&5
Using built-in specs.
COLLECT_GCC=g++
COLLECT_LTO_WRAPPER=/usr/libexec/gcc/x86_64-linux-gnu/13/lto-wrapper
OFFLOAD_TARGET_NAMES=nvptx-none:amdgcn-amdhsa
OFFLOAD_TARGET_DEFAULT=1
Target: x86_64-linux-gnu
Configured with: ../src/configure -v --with-pkgversion='Ubuntu 13.3.0-6ubuntu2~24.04' --with-bugurl=file:///usr/share/doc/gcc-13/README.Bugs --enable-languages=c,ada,c++,go,d,fortran,objc,obj-c++,m2 --prefix=/usr --with-gcc-major-version-only --program-suffix=-13 --program-prefix=x86_64-linux-gnu- --enable-shared --enable-linker-build-id --libexecdir=/usr/libexec --without-included-gettext --enable-threads=posix --libdir=/usr/lib --enable-nls --enable-bootstrap --enable-clocale=gnu --enable-libstdcxx-debug --enable-libstdcxx-time=yes --with-default-libstdcxx-abi=new --enable-libstdcxx-backtrace --enable-gnu-unique-object --disable-vtable-verify --enable-plugin --enable-default-pie --with-system-zlib --enable-libphobos-checking=release --with-target-system-zlib=auto --enable-objc-gc=auto --enable-multiarch --disable-werror --enable-cet --with-arch-32=i686 --with-abi=m64 --with-multilib-list=m32,m64,mx32 --enable-multilib --with-tune=generic --enable-offload-targets=nvptx-none=/build/gcc-13-fG75Ri/gcc-13-13.3.0/debian/tmp-nvptx/usr,amdgcn-amdhsa=/build/gcc-13-fG75Ri/gcc-13-13.3.0/debian/tmp-gcn/usr --enable-offload-defaulted --without-cuda-driver --enable-checking=release --build=x86_64-linux-gnu --host=x86_64-linux-gnu --target=x86_64-linux-gnu --with-build-config=bootstrap-lto-lean --enable-link-serialization=2
Thread model: posix
Supported LTO compression algorithms: zlib zstd
gcc version 13.3.0 (Ubuntu 13.3.0-6ubuntu2~24.04) 
... rest of stderr output deleted ...
configure:17926: $? = 0
configure:17915: g++ -V >&5
g++: error: unrecognized command-line option '-V'
g++: fatal error: no input files
compilation terminated.
configure:17926: $? = 1
configure:17915: g++ -qversion >&5
g++: error: unrecognized command-line option '-qversion'; did you mean '--version'?
g++: fatal error: no input files
compilation terminated.
configure:17926: $? = 1
configure:17930: checking whether the compiler supports GNU C++
configure:17950: g++ -c   conftest.cpp >&5
configure:17950: $? = 0
configure:17960: result: yes
configure:17971: checking whether g++ accepts -g
configure:17992: g++ -c -g  conftest.cpp >&5
configure:17992: $? = 0
configure:18036: result: yes
configure:18056: checking for g++ option to enable C++11 features
configure:18071: g++  -c -g -O2  conftest.cpp >&5
conftest.cpp: In function 'int main(int, char**)':
conftest.cpp:180:25: warning: empty parentheses were disambiguated as a function declaration [-Wvexing-parse]
  180 |   cxx11test::delegate d2();
      |                         ^~
conftest.cpp:180:25: note: remove parentheses to default-initialize a variable
  180 |   cxx11test::delegate d2();
      |                         ^~
      |                         --
conftest.cpp:180:25: note: or replace parentheses with braces to value-initialize a variable
configure:18071: $? = 0
configure:18089: result: none needed
configure:18155: checking dependency style of g++
configure:18267: result: gcc3
configure:18405: checking for C++ compiler version
configure:18414: g++ --version >&5
g++ (Ubuntu 13.3.0-6ubuntu2~24.04) 13.3.0
Copyright (C) 2023 Free Software Foundation, Inc.
This is free software; see the source for copying conditions.  There is NO
warranty; not even for MERCHANTABILITY or FITNESS FOR A PARTICULAR PURPOSE.

configure:18425: $? = 0
configure:18414: g++ -v >&5
Using built-in specs.
COLLECT_GCC=g++
COLLECT_LTO_WRAPPER=/usr/libexec/gcc/x86_64-linux-gnu/13/lto-wrapper
OFFLOAD_TARGET_NAMES=nvptx-none:amdgcn-amdhsa
OFFLOAD_TARGET_DEFAULT=1
Target: x86_64-linux-gnu
Configured with: ../src/configure -v --with-pkgversion='Ubuntu 13.3.0-6ubuntu2~24.04' --with-bugurl=file:///usr/share/doc/gcc-13/README.Bugs --enable-languages=c,ada,c++,go,d,fortran,objc,obj-c++,m2 --prefix=/usr --with-gcc-major-version-only --program-suffix=-13 --program-prefix=x86_64-linux-gnu- --enable-shared --enable-linker-build-id --libexecdir=/usr/libexec --without-included-gettext --enable-threads=posix --libdir=/usr/lib --enable-nls --enable-bootstrap --enable-clocale=gnu --enable-libstdcxx-debug --enable-libstdcxx-time=yes --with-default-libstdcxx-abi=new --enable-libstdcxx-backtrace --enable-gnu-unique-object --disable-vtable-verify --enable-plugin --enable-default-pie --with-system-zlib --enable-libphobos-checking=release --with-target-system-zlib=auto --enable-objc-gc=auto --enable-multiarch --disable-werror --enable-cet --with-arch-32=i686 --with-abi=m64 --with-multilib-list=m32,m64,mx32 --enable-multilib --with-tune=generic --enable-offload-targets=nvptx-none=/build/gcc-13-fG75Ri/gcc-13-13.3.0/debian/tmp-nvptx/usr,amdgcn-amdhsa=/build/gcc-13-fG75Ri/gcc-13-13.3.0/debian/tmp-gcn/usr --enable-offload-defaulted --without-cuda-driver --enable-checking=release --build=x86_64-linux-gnu --host=x86_64-linux-gnu --target=x86_64-linux-gnu --with-build-config=bootstrap-lto-lean --enable-link-serialization=2
Thread model: posix
Supported LTO compression algorithms: zlib zstd
gcc version 13.3.0 (Ubuntu 13.3.0-6ubuntu2~24.04) 
... rest of stderr output deleted ...
configure:18425: $? = 0
configure:18414: g++ -V >&5
g++: error: unrecognized command-line option '-V'
g++: fatal error: no input files
compilation terminated.
configure:18425: $? = 1
configure:18414: g++ -qversion >&5
g++: error: unrecognized command-line option '-qversion'; did you mean '--version'?
g++: fatal error: no input files
compilation terminated.
configure:18425: $? = 1
configure:18429: checking whether the compiler supports GNU C++
configure:18459: result: yes
configure:18470: checking whether g++ accepts -g
configure:18535: result: yes
configure:18555: checking for g++ option to enable C++11 features
configure:18588: result: none needed
configure:18654: checking dependency style of g++
configure:18766: result: gcc3
configure:18788: checking how to run the C++ preprocessor
configure:18810: g++ -E  conftest.cpp
configure:18810: $? = 0
configure:18825: g++ -E  conftest.cpp
conftest.cpp:14:10: fatal error: ac_nonexistent.h: No such file or directory
   14 | #include <ac_nonexistent.h>
      |          ^~~~~~~~~~~~~~~~~~
compilation terminated.
configure:18825: $? = 1
configure: failed program was:
| /* confdefs.h */
| #define PACKAGE_NAME "neko"
| #define PACKAGE_TARNAME "neko"
| #define PACKAGE_VERSION "1.0.0-rc2"
| #define PACKAGE_STRING "neko 1.0.0-rc2"
| #define PACKAGE_BUGREPORT ""
| #define PACKAGE_URL ""
| #define PACKAGE "neko"
| #define VERSION "1.0.0-rc2"
| #define LT_OBJDIR ".libs/"
| #define HAVE_DERIVED_TYPE_IO 1
| #define HAVE_REAL128 1
| /* end confdefs.h.  */
| #include <ac_nonexistent.h>
configure:18852: result: g++ -E
configure:18866: g++ -E  conftest.cpp
configure:18866: $? = 0
configure:18881: g++ -E  conftest.cpp
conftest.cpp:14:10: fatal error: ac_nonexistent.h: No such file or directory
   14 | #include <ac_nonexistent.h>
      |          ^~~~~~~~~~~~~~~~~~
compilation terminated.
configure:18881: $? = 1
configure: failed program was:
| /* confdefs.h */
| #define PACKAGE_NAME "neko"
| #define PACKAGE_TARNAME "neko"
| #define PACKAGE_VERSION "1.0.0-rc2"
| #define PACKAGE_STRING "neko 1.0.0-rc2"
| #define PACKAGE_BUGREPORT ""
| #define PACKAGE_URL ""
| #define PACKAGE "neko"
| #define VERSION "1.0.0-rc2"
| #define LT_OBJDIR ".libs/"
| #define HAVE_DERIVED_TYPE_IO 1
| #define HAVE_REAL128 1
| /* end confdefs.h.  */
| #include <ac_nonexistent.h>
configure:19046: checking for ld used by g++
configure:19114: result: /usr/bin/ld
configure:19121: checking if the linker (/usr/bin/ld) is GNU ld
configure:19137: result: yes
configure:19192: checking whether the g++ linker (/usr/bin/ld) supports shared libraries
configure:20270: result: yes
configure:20306: g++ -c -g -O2  conftest.cpp >&5
configure:20309: $? = 0
configure:20772: checking for g++ option to produce PIC
configure:20780: result: -fPIC -DPIC
configure:20788: checking if g++ PIC flag -fPIC -DPIC works
configure:20807: g++ -c -g -O2  -fPIC -DPIC -DPIC conftest.cpp >&5
configure:20811: $? = 0
configure:20824: result: yes
configure:20847: checking if g++ static flag -static works
configure:20876: result: yes
configure:20888: checking if g++ supports -c -o file.o
configure:20910: g++ -c -g -O2  -o out/conftest2.o conftest.cpp >&5
configure:20914: $? = 0
configure:20936: result: yes
configure:20941: checking if g++ supports -c -o file.o
configure:20989: result: yes
configure:21019: checking whether the g++ linker (/usr/bin/ld) supports shared libraries
configure:21062: result: yes
configure:21204: checking dynamic linker characteristics
configure:21964: result: GNU/Linux ld.so
configure:22029: checking how to hardcode library paths into programs
configure:22054: result: immediate
configure:22103: checking for mpic++
configure:22124: found /usr/bin/mpic++
configure:22135: result: mpic++
configure:22245: checking for mpi.h
configure:22258: mpic++ -c -g -O2  conftest.cpp >&5
configure:22258: $? = 0
configure:22260: result: yes
configure:22303: checking for Fortran 2008 MPI support
configure:22311: mpif90 -c -g -O2  conftest.f >&5
configure:22311: $? = 0
configure:22326: result: yes
configure:22347: checking if MPI datatypes can be parameters
configure:22356: mpif90 -c -g -O2  conftest.f >&5
configure:22356: $? = 0
configure:22371: result: yes
configure:22543: checking for Fortran flag to compile preprocessed .F90 files
configure:22569: mpif90 -c -g -O2  conftest.F90 >&5
configure:22569: $? = 0
configure:22580: mpif90 -c -g -O2  conftest.F90 >&5
conftest.F90:5:2:

    5 |       choke me
      |  1    ~~~~~~~~     
Fatal Error: ac_nonexistent.h: No such file or directory
compilation terminated.
configure:22580: $? = 1
configure: failed program was:
|       program main
| 
| #if 1
| #include <ac_nonexistent.h>
|       choke me
| #endif
|       end
configure:22594: result: none
configure:22615: checking for Fortran compiler vendor
configure:22671: mpif90 -c -g -O2  conftest.F90 >&5
conftest.F90:4:7:

    4 |       thisisanerror;
      |       1
Error: Unclassifiable statement at (1)
configure:22671: $? = 1
configure: failed program was:
|       program main
| 
| #if !(defined(__ICC) || defined(__ECC) || defined(__INTEL_COMPILER))
|       thisisanerror;
| #endif
| 
|       end
configure:22671: mpif90 -c -g -O2  conftest.F90 >&5
conftest.F90:4:7:

    4 |       thisisanerror;
      |       1
Error: Unclassifiable statement at (1)
configure:22671: $? = 1
configure: failed program was:
|       program main
| 
| #if !(defined(__xlc__) || defined(__xlC__) || defined(__IBMC__) || defined(__IBMCPP__) || defined(__ibmxl__))
|       thisisanerror;
| #endif
| 
|       end
configure:22671: mpif90 -c -g -O2  conftest.F90 >&5
conftest.F90:4:7:

    4 |       thisisanerror;
      |       1
Error: Unclassifiable statement at (1)
configure:22671: $? = 1
configure: failed program was:
|       program main
| 
| #if !(defined(__PATHCC__) || defined(__PATHSCALE__))
|       thisisanerror;
| #endif
| 
|       end
configure:22671: mpif90 -c -g -O2  conftest.F90 >&5
conftest.F90:4:7:

    4 |       thisisanerror;
      |       1
Error: Unclassifiable statement at (1)
configure:22671: $? = 1
configure: failed program was:
|       program main
| 
| #if !(defined(__clang__))
|       thisisanerror;
| #endif
| 
|       end
configure:22671: mpif90 -c -g -O2  conftest.F90 >&5
conftest.F90:4:7:

    4 |       thisisanerror;
      |       1
Error: Unclassifiable statement at (1)
configure:22671: $? = 1
configure: failed program was:
|       program main
| 
| #if !(defined(_CRAYC) || defined(_CRAYFTN))
|       thisisanerror;
| #endif
| 
|       end
configure:22671: mpif90 -c -g -O2  conftest.F90 >&5
conftest.F90:4:7:

    4 |       thisisanerror;
      |       1
Error: Unclassifiable statement at (1)
configure:22671: $? = 1
configure: failed program was:
|       program main
| 
| #if !(defined(__flang__))
|       thisisanerror;
| #endif
| 
|       end
configure:22671: mpif90 -c -g -O2  conftest.F90 >&5
conftest.F90:4:7:

    4 |       thisisanerror;
      |       1
Error: Unclassifiable statement at (1)
configure:22671: $? = 1
configure: failed program was:
|       program main
| 
| #if !(defined(__FUJITSU))
|       thisisanerror;
| #endif
| 
|       end
configure:22671: mpif90 -c -g -O2  conftest.F90 >&5
conftest.F90:4:7:

    4 |       thisisanerror;
      |       1
Error: Unclassifiable statement at (1)
configure:22671: $? = 1
configure: failed program was:
|       program main
| 
| #if !(defined(SDCC) || defined(__SDCC))
|       thisisanerror;
| #endif
| 
|       end
configure:22671: mpif90 -c -g -O2  conftest.F90 >&5
conftest.F90:4:7:

    4 |       thisisanerror;
      |       1
Error: Unclassifiable statement at (1)
configure:22671: $? = 1
configure: failed program was:
|       program main
| 
| #if !(defined(_SX))
|       thisisanerror;
| #endif
| 
|       end
configure:22671: mpif90 -c -g -O2  conftest.F90 >&5
conftest.F90:4:7:

    4 |       thisisanerror;
      |       1
Error: Unclassifiable statement at (1)
configure:22671: $? = 1
configure: failed program was:
|       program main
| 
| #if !(defined(__ve__))
|       thisisanerror;
| #endif
| 
|       end
configure:22671: mpif90 -c -g -O2  conftest.F90 >&5
conftest.F90:4:7:

    4 |       thisisanerror;
      |       1
Error: Unclassifiable statement at (1)
configure:22671: $? = 1
configure: failed program was:
|       program main
| 
| #if !(defined(__NVCOMPILER))
|       thisisanerror;
| #endif
| 
|       end
configure:22671: mpif90 -c -g -O2  conftest.F90 >&5
conftest.F90:4:7:

    4 |       thisisanerror;
      |       1
Error: Unclassifiable statement at (1)
configure:22671: $? = 1
configure: failed program was:
|       program main
| 
| #if !(defined(__PGI))
|       thisisanerror;
| #endif
| 
|       end
configure:22671: mpif90 -c -g -O2  conftest.F90 >&5
configure:22671: $? = 0
configure:22681: result: gnu
configure:22692: checking for cpuid.h
configure:22692: mpicc -c -g -O2  conftest.c >&5
configure:22692: $? = 0
configure:22692: result: yes
configure:22723: checking for doxygen
configure:22744: found /usr/bin/doxygen
configure:22755: result: doxygen
configure:22771: checking for dot
configure:22792: found /usr/bin/dot
configure:22803: result: dot
configure:22829: checking for makedepf90
configure:22864: result: no
configure:22886: checking for flint
configure:22921: result: no
configure:22944: checking how to run the C preprocessor
configure:22970: mpicc -E  conftest.c
configure:22970: $? = 0
configure:22985: mpicc -E  conftest.c
conftest.c:17:10: fatal error: ac_nonexistent.h: No such file or directory
   17 | #include <ac_nonexistent.h>
      |          ^~~~~~~~~~~~~~~~~~
compilation terminated.
configure:22985: $? = 1
configure: failed program was:
| /* confdefs.h */
| #define PACKAGE_NAME "neko"
| #define PACKAGE_TARNAME "neko"
| #define PACKAGE_VERSION "1.0.0-rc2"
| #define PACKAGE_STRING "neko 1.0.0-rc2"
| #define PACKAGE_BUGREPORT ""
| #define PACKAGE_URL ""
| #define PACKAGE "neko"
| #define VERSION "1.0.0-rc2"
| #define LT_OBJDIR ".libs/"
| #define HAVE_DERIVED_TYPE_IO 1
| #define HAVE_REAL128 1
| #define HAVE_MPI_F08 1
| #define HAVE_MPI_PARAM_DTYPE 1
| #define HAVE_CPUID_H 1
| /* end confdefs.h.  */
| #include <ac_nonexistent.h>
configure:23012: result: mpicc -E
configure:23026: mpicc -E  conftest.c
configure:23026: $? = 0
configure:23041: mpicc -E  conftest.c
conftest.c:17:10: fatal error: ac_nonexistent.h: No such file or directory
   17 | #include <ac_nonexistent.h>
      |          ^~~~~~~~~~~~~~~~~~
compilation terminated.
configure:23041: $? = 1
configure: failed program was:
| /* confdefs.h */
| #define PACKAGE_NAME "neko"
| #define PACKAGE_TARNAME "neko"
| #define PACKAGE_VERSION "1.0.0-rc2"
| #define PACKAGE_STRING "neko 1.0.0-rc2"
| #define PACKAGE_BUGREPORT ""
| #define PACKAGE_URL ""
| #define PACKAGE "neko"
| #define VERSION "1.0.0-rc2"
| #define LT_OBJDIR ".libs/"
| #define HAVE_DERIVED_TYPE_IO 1
| #define HAVE_REAL128 1
| #define HAVE_MPI_F08 1
| #define HAVE_MPI_PARAM_DTYPE 1
| #define HAVE_CPUID_H 1
| /* end confdefs.h.  */
| #include <ac_nonexistent.h>
configure:23073: checking for a Cray XT, XE, XC system
configure:23096: result: no
configure:23108: checking for a HPE Cray system
configure:23131: result: no
configure:23155: checking for a NEC SX-Aurora system
conftest.c:17:20: error: missing '(' in expression
   17 | #if defined(__ve__))
      |                    ^
configure:23178: result: no
configure:23214: checking for pFUnit
configure:23217: result: no
configure:23318: checking if sgemm is being linked in already
configure:23325: mpif90 -o conftest -g -O2   conftest.F90    >&5
/usr/bin/ld: /tmp/ccrwcKVG.o: in function `main':
/home/udbhav/Desktop/last_parallel/neko/conftest.F90:2:(.text.startup+0x1d): undefined reference to `sgemm_'
collect2: error: ld returned 1 exit status
configure:23325: $? = 1
configure: failed program was:
|       program main
|       call sgemm
|       end
configure:23331: result: no
configure:23338: checking for sgemm in -lopenblas
configure:23351: mpif90 -o conftest -g -O2   conftest.F90 -lopenblas     >&5
/usr/bin/ld: cannot find -lopenblas: No such file or directory
collect2: error: ld returned 1 exit status
configure:23351: $? = 1
configure: failed program was:
|       program main
|       call sgemm
|       end
configure:23361: result: no
configure:23373: checking for ATL_xerbla in -latlas
configure:23386: mpif90 -o conftest -g -O2   conftest.F90 -latlas     >&5
/usr/bin/ld: cannot find -latlas: No such file or directory
collect2: error: ld returned 1 exit status
configure:23386: $? = 1
configure: failed program was:
|       program main
|       call ATL_xerbla
|       end
configure:23396: result: no
configure:23466: checking for sgemm in -lblas
configure:23479: mpif90 -o conftest -g -O2   conftest.F90 -lblas     >&5
configure:23479: $? = 0
configure:23489: result: yes
configure:23493: checking for dgemm in -ldgemm
configure:23506: mpif90 -o conftest -g -O2   conftest.F90 -ldgemm -lblas    >&5
/usr/bin/ld: cannot find -ldgemm: No such file or directory
collect2: error: ld returned 1 exit status
configure:23506: $? = 1
configure: failed program was:
|       program main
|       call dgemm
|       end
configure:23516: result: no
configure:23562: checking for sgemm in -lmkl_gf_lp64
configure:23575: mpif90 -o conftest -g -O2   conftest.F90 -lmkl_gf_lp64 -lmkl_gf_lp64 -lmkl_sequential -lmkl_core -lpthread    >&5
/usr/bin/ld: cannot find -lmkl_gf_lp64: No such file or directory
/usr/bin/ld: cannot find -lmkl_gf_lp64: No such file or directory
/usr/bin/ld: cannot find -lmkl_sequential: No such file or directory
/usr/bin/ld: cannot find -lmkl_core: No such file or directory
collect2: error: ld returned 1 exit status
configure:23575: $? = 1
configure: failed program was:
|       program main
|       call sgemm
|       end
configure:23585: result: no
configure:23696: checking for sgemm in -lmkl
configure:23709: mpif90 -o conftest -g -O2   conftest.F90 -lmkl -lguide -lpthread    >&5
/usr/bin/ld: cannot find -lmkl: No such file or directory
/usr/bin/ld: cannot find -lguide: No such file or directory
collect2: error: ld returned 1 exit status
configure:23709: $? = 1
configure: failed program was:
|       program main
|       call sgemm
|       end
configure:23719: result: no
configure:23731: checking for sgemm in -framework vecLib
configure:23738: mpif90 -o conftest -g -O2   conftest.F90 -framework vecLib    >&5
gfortran: error: unrecognized command-line option '-framework'
configure:23738: $? = 1
configure: failed program was:
|       program main
|       call sgemm
|       end
configure:23744: result: no
configure:23751: checking for sgemm in -lcxml
configure:23764: mpif90 -o conftest -g -O2   conftest.F90 -lcxml     >&5
/usr/bin/ld: cannot find -lcxml: No such file or directory
collect2: error: ld returned 1 exit status
configure:23764: $? = 1
configure: failed program was:
|       program main
|       call sgemm
|       end
configure:23774: result: no
configure:23785: checking for sgemm in -ldxml
configure:23798: mpif90 -o conftest -g -O2   conftest.F90 -ldxml     >&5
/usr/bin/ld: cannot find -ldxml: No such file or directory
collect2: error: ld returned 1 exit status
configure:23798: $? = 1
configure: failed program was:
|       program main
|       call sgemm
|       end
configure:23808: result: no
configure:23885: checking for sgemm in -lscs
configure:23898: mpif90 -o conftest -g -O2   conftest.F90 -lscs     >&5
/usr/bin/ld: cannot find -lscs: No such file or directory
collect2: error: ld returned 1 exit status
configure:23898: $? = 1
configure: failed program was:
|       program main
|       call sgemm
|       end
configure:23908: result: no
configure:23919: checking for sgemm in -lcomplib.sgimath
configure:23932: mpif90 -o conftest -g -O2   conftest.F90 -lcomplib.sgimath     >&5
/usr/bin/ld: cannot find -lcomplib.sgimath: No such file or directory
collect2: error: ld returned 1 exit status
configure:23932: $? = 1
configure: failed program was:
|       program main
|       call sgemm
|       end
configure:23942: result: no
configure:23953: checking for sgemm in -lblas
configure:23976: result: yes
configure:23980: checking for sgemm in -lessl
configure:23993: mpif90 -o conftest -g -O2   conftest.F90 -lessl -lblas    >&5
/usr/bin/ld: cannot find -lessl: No such file or directory
collect2: error: ld returned 1 exit status
configure:23993: $? = 1
configure: failed program was:
|       program main
|       call sgemm
|       end
configure:24003: result: no
configure:24016: checking for sgemm in -lblas_sequential
configure:24029: mpif90 -o conftest -g -O2   conftest.F90 -lblas_sequential     >&5
/usr/bin/ld: cannot find -lblas_sequential: No such file or directory
collect2: error: ld returned 1 exit status
configure:24029: $? = 1
configure: failed program was:
|       program main
|       call sgemm
|       end
configure:24039: result: no
configure:24050: checking for sgemm in -lnvpl_blas_lp64_seq
configure:24063: mpif90 -o conftest -g -O2   conftest.F90 -lnvpl_blas_lp64_seq     >&5
/usr/bin/ld: cannot find -lnvpl_blas_lp64_seq: No such file or directory
collect2: error: ld returned 1 exit status
configure:24063: $? = 1
configure: failed program was:
|       program main
|       call sgemm
|       end
configure:24073: result: no
configure:24084: checking for sgemm in -lblis
configure:24097: mpif90 -o conftest -g -O2   conftest.F90 -lblis     >&5
/usr/bin/ld: cannot find -lblis: No such file or directory
collect2: error: ld returned 1 exit status
configure:24097: $? = 1
configure: failed program was:
|       program main
|       call sgemm
|       end
configure:24107: result: no
configure:24118: checking for sgemm in -lblas
configure:24141: result: yes
configure:24223: checking for cheev
configure:24223: mpif90 -o conftest -g -O2   conftest.F90    -lblas  >&5
/usr/bin/ld: /tmp/ccT5M962.o: in function `main':
/home/udbhav/Desktop/last_parallel/neko/conftest.F90:2:(.text.startup+0x1d): undefined reference to `cheev_'
collect2: error: ld returned 1 exit status
configure:24223: $? = 1
configure: failed program was:
|       program main
|       call cheev
|       end
configure:24223: result: no
configure:24237: checking for cheev in -llapack
configure:24250: mpif90 -o conftest -g -O2   conftest.F90 -llapack  -lblas    >&5
configure:24250: $? = 0
configure:24261: result: yes
configure:25098: checking for pkg-config
configure:25121: found /usr/bin/pkg-config
configure:25133: result: /usr/bin/pkg-config
configure:25158: checking pkg-config is at least version 0.9.0
configure:25161: result: yes
configure:26963: checking for json-fortran >= 7.1.0
configure:26970: $PKG_CONFIG --exists --print-errors "json-fortran >= 7.1.0"
configure:26973: $? = 0
configure:26987: $PKG_CONFIG --exists --print-errors "json-fortran >= 7.1.0"
configure:26990: $? = 0
configure:27048: result: yes
configure:27720: checking that generated files are newer than configure
configure:27726: result: done
configure:27813: creating ./config.status

## ---------------------- ##
## Running config.status. ##
## ---------------------- ##

This file was extended by neko config.status 1.0.0-rc2, which was
generated by GNU Autoconf 2.71.  Invocation command line was

  CONFIG_FILES    = 
  CONFIG_HEADERS  = 
  CONFIG_LINKS    = 
  CONFIG_COMMANDS = 
  $ ./config.status 

on udbhav

config.status:1296: creating Makefile
config.status:1296: creating src/Makefile
config.status:1296: creating tests/unit/Makefile
config.status:1296: creating src/comm/comm.F90
config.status:1296: creating src/config/neko_config.f90
config.status:1296: creating src/config/num_types.f90
config.status:1296: creating src/device/device_config.h
config.status:1296: creating src/python/pyneko/intf.py
config.status:1296: creating src/scripts/cltostring.sh
config.status:1296: creating src/api/neko.h
config.status:1296: creating makeneko
config.status:1296: creating neko.pc
config.status:1296: creating tests/unit/stack/Makefile
config.status:1296: creating tests/unit/tuple/Makefile
config.status:1296: creating tests/unit/point/Makefile
config.status:1296: creating tests/unit/htable/Makefile
config.status:1296: creating tests/unit/uset/Makefile
config.status:1296: creating tests/unit/quad/Makefile
config.status:1296: creating tests/unit/hex/Makefile
config.status:1296: creating tests/unit/tet/Makefile
config.status:1296: creating tests/unit/tri/Makefile
config.status:1296: creating tests/unit/math/Makefile
config.status:1296: creating tests/unit/mesh/Makefile
config.status:1296: creating tests/unit/space/Makefile
config.status:1296: creating tests/unit/dofmap/Makefile
config.status:1296: creating tests/unit/field/Makefile
config.status:1296: creating tests/unit/global_interpolation/Makefile
config.status:1296: creating tests/unit/mean_field/Makefile
config.status:1296: creating tests/unit/gather_scatter/Makefile
config.status:1296: creating tests/unit/krylov/Makefile
config.status:1296: creating tests/unit/bc/Makefile
config.status:1296: creating tests/unit/signal/Makefile
config.status:1296: creating tests/unit/jobctrl/Makefile
config.status:1296: creating tests/unit/device/Makefile
config.status:1296: creating tests/unit/device_math/Makefile
config.status:1296: creating tests/unit/mathops/Makefile
config.status:1296: creating tests/unit/device_mathops/Makefile
config.status:1296: creating tests/unit/octree/Makefile
config.status:1296: creating tests/unit/vector/Makefile
config.status:1296: creating tests/unit/matrix/Makefile
config.status:1296: creating tests/unit/scratch_registry/Makefile
config.status:1296: creating tests/unit/field_registry/Makefile
config.status:1296: creating tests/unit/fast3d/Makefile
config.status:1296: creating tests/unit/time_scheme/Makefile
config.status:1296: creating tests/unit/time_scheme_controller/Makefile
config.status:1296: creating tests/unit/runge_kutta_scheme/Makefile
config.status:1296: creating tests/unit/time_based_controller/Makefile
config.status:1296: creating tests/unit/point_interpolation/Makefile
config.status:1296: creating contrib/Makefile
config.status:1296: creating contrib/rea2nbin/Makefile
config.status:1296: creating contrib/genmeshbox/Makefile
config.status:1296: creating contrib/average_fields_in_time/Makefile
config.status:1296: creating contrib/calc_lift_from_field/Makefile
config.status:1296: creating contrib/postprocess_fluid_stats/Makefile
config.status:1296: creating contrib/average_field_in_space/Makefile
config.status:1296: creating contrib/map_to_equidistant_1d/Makefile
config.status:1296: creating contrib/mesh_checker/Makefile
config.status:1296: creating contrib/prepart/Makefile
config.status:1296: creating contrib/adios2_to_nek5000/Makefile
config.status:1296: creating contrib/psnr/Makefile
config.status:1296: creating doc/Doxyfile
config.status:1296: creating doc/Makefile
config.status:1468: executing depfiles commands
config.status:1545: cd src       && sed -e '/# am--include-marker/d' Makefile         | make -f - am--depfiles
/tmp/GmzZK1F3:5582: warning: ignoring prerequisites on suffix rule definition
make: Nothing to be done for 'am--depfiles'.
config.status:1550: $? = 0
config.status:1468: executing libtool commands

## ---------------- ##
## Cache variables. ##
## ---------------- ##

ac_cv_build=x86_64-pc-linux-gnu
ac_cv_c_compiler_gnu=yes
ac_cv_cxx_compiler_gnu=yes
ac_cv_env_CCC_set=
ac_cv_env_CCC_value=
ac_cv_env_CC_set=
ac_cv_env_CC_value=
ac_cv_env_CFLAGS_set=
ac_cv_env_CFLAGS_value=
ac_cv_env_CPPFLAGS_set=
ac_cv_env_CPPFLAGS_value=
ac_cv_env_CPP_set=
ac_cv_env_CPP_value=
ac_cv_env_CXXCPP_set=
ac_cv_env_CXXCPP_value=
ac_cv_env_CXXFLAGS_set=
ac_cv_env_CXXFLAGS_value=
ac_cv_env_CXX_set=
ac_cv_env_CXX_value=
ac_cv_env_FCFLAGS_set=
ac_cv_env_FCFLAGS_value=
ac_cv_env_FC_set=
ac_cv_env_FC_value=
ac_cv_env_HDF5_Fortran_CFLAGS_set=
ac_cv_env_HDF5_Fortran_CFLAGS_value=
ac_cv_env_HDF5_Fortran_LIBS_set=
ac_cv_env_HDF5_Fortran_LIBS_value=
ac_cv_env_JSON_Fortran_CFLAGS_set=
ac_cv_env_JSON_Fortran_CFLAGS_value=
ac_cv_env_JSON_Fortran_LIBS_set=
ac_cv_env_JSON_Fortran_LIBS_value=
ac_cv_env_LDFLAGS_set=
ac_cv_env_LDFLAGS_value=
ac_cv_env_LIBS_set=
ac_cv_env_LIBS_value=
ac_cv_env_LT_SYS_LIBRARY_PATH_set=
ac_cv_env_LT_SYS_LIBRARY_PATH_value=
ac_cv_env_MPICC_set=
ac_cv_env_MPICC_value=
ac_cv_env_MPICXX_set=
ac_cv_env_MPICXX_value=
ac_cv_env_MPIFC_set=
ac_cv_env_MPIFC_value=
ac_cv_env_PKG_CONFIG_LIBDIR_set=
ac_cv_env_PKG_CONFIG_LIBDIR_value=
ac_cv_env_PKG_CONFIG_PATH_set=set
ac_cv_env_PKG_CONFIG_PATH_value=:/home/udbhav/json-fortran_install/lib/pkgconfig:/home/udbhav/json-fortran_install/lib/pkgconfig
ac_cv_env_PKG_CONFIG_set=
ac_cv_env_PKG_CONFIG_value=
ac_cv_env_PYTHON_set=
ac_cv_env_PYTHON_value=
ac_cv_env_build_alias_set=
ac_cv_env_build_alias_value=
ac_cv_env_host_alias_set=
ac_cv_env_host_alias_value=
ac_cv_env_libxsmmf_CFLAGS_set=
ac_cv_env_libxsmmf_CFLAGS_value=
ac_cv_env_libxsmmf_LIBS_set=
ac_cv_env_libxsmmf_LIBS_value=
ac_cv_env_target_alias_set=
ac_cv_env_target_alias_value=
ac_cv_fc_compiler_gnu=yes
ac_cv_fc_pp_srcext_F90=none
ac_cv_func_cheev=no
ac_cv_header_cpuid_h=yes
ac_cv_header_dlfcn_h=no
ac_cv_header_inttypes_h=no
ac_cv_header_stdint_h=no
ac_cv_header_stdio_h=no
ac_cv_header_stdlib_h=no
ac_cv_header_string_h=no
ac_cv_header_strings_h=no
ac_cv_header_sys_stat_h=no
ac_cv_header_sys_types_h=no
ac_cv_header_unistd_h=no
ac_cv_host=x86_64-pc-linux-gnu
ac_cv_lib_atlas_ATL_xerbla=no
ac_cv_lib_blas_sequential_sgemm=no
ac_cv_lib_blas_sgemm=yes
ac_cv_lib_blis_sgemm=no
ac_cv_lib_complib_sgimath_sgemm=no
ac_cv_lib_cxml_sgemm=no
ac_cv_lib_dgemm_dgemm=no
ac_cv_lib_dxml_sgemm=no
ac_cv_lib_essl_sgemm=no
ac_cv_lib_lapack_cheev=yes
ac_cv_lib_mkl_gf_lp64_sgemm=no
ac_cv_lib_mkl_sgemm=no
ac_cv_lib_nvpl_blas_lp64_seq_sgemm=no
ac_cv_lib_openblas_sgemm=no
ac_cv_lib_scs_sgemm=no
ac_cv_objext=o
ac_cv_path_EGREP='/usr/bin/grep -E'
ac_cv_path_FGREP='/usr/bin/grep -F'
ac_cv_path_GREP=/usr/bin/grep
ac_cv_path_SED=/usr/bin/sed
ac_cv_path_ac_pt_PKG_CONFIG=/usr/bin/pkg-config
ac_cv_path_install='/usr/bin/install -c'
ac_cv_path_lt_DD=/usr/bin/dd
ac_cv_path_mkdir=/usr/bin/mkdir
ac_cv_prog_AWK=mawk
ac_cv_prog_CPP='mpicc -E'
ac_cv_prog_CXXCPP='g++ -E'
ac_cv_prog_DOXYGEN=doxygen
ac_cv_prog_DOXYGEN_DEPS=dot
ac_cv_prog_MPICC=mpicc
ac_cv_prog_MPICXX=mpic++
ac_cv_prog_MPIFC=mpif90
ac_cv_prog_ac_ct_AR=ar
ac_cv_prog_ac_ct_CC=gcc
ac_cv_prog_ac_ct_CXX=g++
ac_cv_prog_ac_ct_FC=gfortran
ac_cv_prog_ac_ct_FILECMD=file
ac_cv_prog_ac_ct_MANIFEST_TOOL=mt
ac_cv_prog_ac_ct_OBJDUMP=objdump
ac_cv_prog_ac_ct_RANLIB=ranlib
ac_cv_prog_ac_ct_STRIP=strip
ac_cv_prog_cc_c11=
ac_cv_prog_cc_g=yes
ac_cv_prog_cc_stdc=
ac_cv_prog_cxx_cxx11=
ac_cv_prog_cxx_g=yes
ac_cv_prog_cxx_stdcxx=
ac_cv_prog_fc_g=yes
ac_cv_prog_make_make_set=yes
am_cv_CC_dependencies_compiler_type=gcc3
am_cv_CXX_dependencies_compiler_type=gcc3
am_cv_make_support_nested_variables=yes
am_cv_prog_cc_c_o=yes
ax_cv_fc_compiler_vendor=gnu
lt_cv_ar_at_file=@
lt_cv_deplibs_check_method=pass_all
lt_cv_file_magic_cmd='$MAGIC_CMD'
lt_cv_file_magic_test_file=
lt_cv_ld_reload_flag=-r
lt_cv_nm_interface='BSD nm'
lt_cv_objdir=.libs
lt_cv_path_LD=/usr/bin/ld
lt_cv_path_LDCXX=/usr/bin/ld
lt_cv_path_NM='/usr/bin/nm -B'
lt_cv_path_mainfest_tool=no
lt_cv_prog_compiler_c_o=yes
lt_cv_prog_compiler_c_o_CXX=yes
lt_cv_prog_compiler_c_o_FC=yes
lt_cv_prog_compiler_pic='-fPIC -DPIC'
lt_cv_prog_compiler_pic_CXX='-fPIC -DPIC'
lt_cv_prog_compiler_pic_FC=-fPIC
lt_cv_prog_compiler_pic_works=yes
lt_cv_prog_compiler_pic_works_CXX=yes
lt_cv_prog_compiler_pic_works_FC=yes
lt_cv_prog_compiler_rtti_exceptions=no
lt_cv_prog_compiler_static_works=yes
lt_cv_prog_compiler_static_works_CXX=yes
lt_cv_prog_compiler_static_works_FC=yes
lt_cv_prog_gnu_ld=yes
lt_cv_prog_gnu_ldcxx=yes
lt_cv_sharedlib_from_linklib_cmd='printf %s\n'
lt_cv_shlibpath_overrides_runpath=yes
lt_cv_sys_global_symbol_pipe=
lt_cv_sys_global_symbol_to_c_name_address='/usr/bin/sed -n -e '\''s/^: \(.*\) .*$/  {"\1", (void *) 0},/p'\'' -e '\''s/^[ABCDGIRSTW][ABCDGIRSTW]* .* \(.*\)$/  {"\1", (void *) \&\1},/p'\'''
lt_cv_sys_global_symbol_to_c_name_address_lib_prefix='/usr/bin/sed -n -e '\''s/^: \(.*\) .*$/  {"\1", (void *) 0},/p'\'' -e '\''s/^[ABCDGIRSTW][ABCDGIRSTW]* .* \(lib.*\)$/  {"\1", (void *) \&\1},/p'\'' -e '\''s/^[ABCDGIRSTW][ABCDGIRSTW]* .* \(.*\)$/  {"lib\1", (void *) \&\1},/p'\'''
lt_cv_sys_global_symbol_to_cdecl=
lt_cv_sys_global_symbol_to_import=
lt_cv_sys_max_cmd_len=1572864
lt_cv_to_host_file_cmd=func_convert_file_noop
lt_cv_to_tool_file_cmd=func_convert_file_noop
lt_cv_truncate_bin='/usr/bin/dd bs=4096 count=1'
pkg_cv_JSON_Fortran_CFLAGS='-I/home/udbhav/json-fortran_install/include '
pkg_cv_JSON_Fortran_LIBS='-L/home/udbhav/json-fortran_install/lib -ljsonfortran '

## ----------------- ##
## Output variables. ##
## ----------------- ##

ACLOCAL='${SHELL} '\''/home/udbhav/Desktop/last_parallel/neko/missing'\'' aclocal-1.16'
ADIOS2CONF=''
ADIOS2_FORTRAN_CONF=''
AMDEPBACKSLASH='\'
AMDEP_FALSE='#'
AMDEP_TRUE=''
AMTAR='$${TAR-tar}'
AM_BACKSLASH='\'
AM_DEFAULT_V='$(AM_DEFAULT_VERBOSITY)'
AM_DEFAULT_VERBOSITY='1'
AM_V='$(V)'
AR='ar'
AUTOCONF='${SHELL} '\''/home/udbhav/Desktop/last_parallel/neko/missing'\'' autoconf'
AUTOHEADER='${SHELL} '\''/home/udbhav/Desktop/last_parallel/neko/missing'\'' autoheader'
AUTOMAKE='${SHELL} '\''/home/udbhav/Desktop/last_parallel/neko/missing'\'' automake-1.16'
AWK='mawk'
BLAS_LIBS='-lblas'
CC='mpicc'
CCDEPMODE='depmode=gcc3'
CFLAGS='-g -O2'
CPP='mpicc -E'
CPPFLAGS=''
CSCOPE='cscope'
CTAGS='ctags'
CUDA_ARCH=''
CUDA_CFLAGS=''
CXX='mpic++'
CXXCPP='g++ -E'
CXXDEPMODE='depmode=gcc3'
CXXFLAGS='-g -O2'
CYGPATH_W='echo'
DARSHAN_LIBS=''
DEFS='-DPACKAGE_NAME=\"neko\" -DPACKAGE_TARNAME=\"neko\" -DPACKAGE_VERSION=\"1.0.0-rc2\" -DPACKAGE_STRING=\"neko\ 1.0.0-rc2\" -DPACKAGE_BUGREPORT=\"\" -DPACKAGE_URL=\"\" -DPACKAGE=\"neko\" -DVERSION=\"1.0.0-rc2\" -DLT_OBJDIR=\".libs/\" -DHAVE_DERIVED_TYPE_IO=1 -DHAVE_REAL128=1 -DHAVE_MPI_F08=1 -DHAVE_MPI_PARAM_DTYPE=1 -DHAVE_CPUID_H=1 -DHAVE_BLAS=1 -DHAVE_LAPACK=1'
DEPDIR='.deps'
DLLTOOL='false'
DOXYGEN='doxygen'
DOXYGEN_DEPS='dot'
DSYMUTIL=''
DUMPBIN=''
ECHO_C=''
ECHO_N='-n'
ECHO_T=''
EGREP='/usr/bin/grep -E'
ENABLE_ADIOS2_FALSE=''
ENABLE_ADIOS2_FORTRAN_FALSE=''
ENABLE_ADIOS2_FORTRAN_TRUE='#'
ENABLE_ADIOS2_TRUE='#'
ENABLE_CONTRIB_FALSE='#'
ENABLE_CONTRIB_TRUE=''
ENABLE_CUDA_FALSE=''
ENABLE_CUDA_TRUE='#'
ENABLE_DOXYGEN_FALSE='#'
ENABLE_DOXYGEN_TRUE=''
ENABLE_FLINT_FALSE=''
ENABLE_FLINT_TRUE='#'
ENABLE_HIP_FALSE=''
ENABLE_HIP_TRUE='#'
ENABLE_MAKEDEPF90_FALSE=''
ENABLE_MAKEDEPF90_TRUE='#'
ENABLE_NVSHMEM_FALSE=''
ENABLE_NVSHMEM_TRUE='#'
ENABLE_OPENCL_FALSE=''
ENABLE_OPENCL_TRUE='#'
ENABLE_PARMETIS_FALSE=''
ENABLE_PARMETIS_TRUE='#'
ENABLE_PFUNIT_FALSE=''
ENABLE_PFUNIT_TRUE='#'
ENABLE_PYTHON_FALSE=''
ENABLE_PYTHON_TRUE='#'
ETAGS='etags'
EXEEXT=''
FC='mpif90'
FCFLAGS='-g -O2  -I/home/udbhav/json-fortran_install/include '
FCFLAGS_F90=''
FGREP='/usr/bin/grep -F'
FILECMD='file'
FLINT=''
GREP='/usr/bin/grep'
HDF5_Fortran_CFLAGS=''
HDF5_Fortran_LIBS=''
HIPCC=''
HIP_HIPCC_FLAGS=''
INSTALL_DATA='${INSTALL} -m 644'
INSTALL_PROGRAM='${INSTALL}'
INSTALL_SCRIPT='${INSTALL}'
INSTALL_STRIP_PROGRAM='$(install_sh) -c -s'
JSON_Fortran_CFLAGS='-I/home/udbhav/json-fortran_install/include '
JSON_Fortran_LIBS='-L/home/udbhav/json-fortran_install/lib -ljsonfortran '
LAPACK_LIBS='-llapack'
LD='/usr/bin/ld'
LDFLAGS=''
LIBOBJS=''
LIBS='-L/home/udbhav/json-fortran_install/lib -ljsonfortran   -llapack -lblas   '
LIBTOOL='$(SHELL) $(top_builddir)/libtool'
LIPO=''
LN_S='ln -s'
LTLIBOBJS=''
LT_SYS_LIBRARY_PATH=''
MAINT='#'
MAINTAINER_MODE_FALSE=''
MAINTAINER_MODE_TRUE='#'
MAKEDEPF90=''
MAKEINFO='${SHELL} '\''/home/udbhav/Desktop/last_parallel/neko/missing'\'' makeinfo'
MANIFEST_TOOL=':'
METIS_LIBS=''
MKDIR_P='/usr/bin/mkdir -p'
MPICC='mpicc'
MPICXX='mpic++'
MPIFC='mpif90'
MPILIBS=' '
NEKO_BCKND='CPU'
NEKO_BUILD_INFO='(build: 2025-11-22 on x86_64-pc-linux-gnu using gnu)'
NEKO_C_REAL_TYPE='c_double'
NEKO_C_XREAL_TYPE='c_double'
NEKO_DEV_REAL_TYPE='double'
NEKO_DEV_XREAL_TYPE='double'
NEKO_MPI_REAL_TYPE='MPI_DOUBLE_PRECISION'
NEKO_MPI_XREAL_TYPE='MPI_DOUBLE_PRECISION'
NEKO_PKG_FCFLAGS=' -I/home/udbhav/json-fortran_install/include '
NEKO_PY_REAL_TYPE='c_double'
NEKO_REAL128_TYPE='REAL128'
NEKO_REAL_TYPE='dp'
NEKO_XREAL_TYPE='dp'
NM='/usr/bin/nm -B'
NMEDIT=''
NVCC=''
OBJDUMP='objdump'
OBJEXT='o'
OTOOL64=''
OTOOL=''
PACKAGE='neko'
PACKAGE_BUGREPORT=''
PACKAGE_NAME='neko'
PACKAGE_STRING='neko 1.0.0-rc2'
PACKAGE_TARNAME='neko'
PACKAGE_URL=''
PACKAGE_VERSION='1.0.0-rc2'
PARMETIS_LIBS=''
PATH_SEPARATOR=':'
PFUNIT_DIR=''
PKG_CONFIG='/usr/bin/pkg-config'
PKG_CONFIG_LIBDIR=''
PKG_CONFIG_PATH=':/home/udbhav/json-fortran_install/lib/pkgconfig:/home/udbhav/json-fortran_install/lib/pkgconfig'
PYTHON=''
PYTHON_EXEC_PREFIX=''
PYTHON_PLATFORM=''
PYTHON_PREFIX=''
PYTHON_VERSION=''
RANLIB='ranlib'
SED='/usr/bin/sed'
SET_MAKE=''
SHELL='/bin/bash'
STRIP='strip'
VERSION='1.0.0-rc2'
ac_ct_AR='ar'
ac_ct_CC='gcc'
ac_ct_CXX='g++'
ac_ct_DUMPBIN=''
ac_ct_FC='gfortran'
am__EXEEXT_FALSE=''
am__EXEEXT_TRUE='#'
am__fastdepCC_FALSE='#'
am__fastdepCC_TRUE=''
am__fastdepCXX_FALSE='#'
am__fastdepCXX_TRUE=''
am__include='include'
am__isrc=''
am__leading_dot='.'
am__nodep='_no'
am__quote=''
am__tar='$${TAR-tar} chof - "$$tardir"'
am__untar='$${TAR-tar} xf -'
bindir='${exec_prefix}/bin'
blk_size='10000'
build='x86_64-pc-linux-gnu'
build_alias=''
build_cpu='x86_64'
build_os='linux-gnu'
build_vendor='pc'
cuda_bcknd='0'
datadir='${datarootdir}'
datarootdir='${prefix}/share'
device_bcknd='0'
device_mpi='.false.'
docdir='${datarootdir}/doc/${PACKAGE_TARNAME}'
dvidir='${docdir}'
exec_prefix='${prefix}'
have_adios2=''
have_adios2_fortran=''
have_cray_accel=''
have_cray_hdf5=''
have_cray_libsci=''
have_cray_parmetis=''
have_cuda=''
have_hip=''
have_nccl=''
have_nvshmem=''
have_nvtx=''
have_opencl=''
have_rccl=''
have_roctx=''
hip_bcknd='0'
host='x86_64-pc-linux-gnu'
host_alias=''
host_cpu='x86_64'
host_os='linux-gnu'
host_vendor='pc'
htmldir='${docdir}'
includedir='${prefix}/include'
infodir='${datarootdir}/info'
install_sh='${SHELL} /home/udbhav/Desktop/last_parallel/neko/install-sh'
is_cray='no'
is_hpe_cray='no'
is_sx='0'
libdir='${exec_prefix}/lib'
libexecdir='${exec_prefix}/libexec'
libxsmmf_CFLAGS=''
libxsmmf_LIBS=''
localedir='${datarootdir}/locale'
localstatedir='${prefix}/var'
mandir='${datarootdir}/man'
mkdir_p='$(MKDIR_P)'
nccl_bcknd='0'
nvshmem_bcknd='0'
nvtx_bcknd='0'
oldincludedir='/usr/include'
opencl_bcknd='0'
pdfdir='${docdir}'
pkgpyexecdir=''
pkgpythondir=''
prefix='/home/udbhav/neko_install'
program_transform_name='s,x,x,'
psdir='${docdir}'
pyexecdir=''
pythondir=''
rccl_bcknd='0'
roctx_bcknd='0'
runstatedir='${localstatedir}/run'
sbindir='${exec_prefix}/sbin'
sharedstatedir='${prefix}/com'
sysconfdir='${prefix}/etc'
target_alias=''
xsmm_bcknd='0'

## ----------- ##
## confdefs.h. ##
## ----------- ##

/* confdefs.h */
#define PACKAGE_NAME "neko"
#define PACKAGE_TARNAME "neko"
#define PACKAGE_VERSION "1.0.0-rc2"
#define PACKAGE_STRING "neko 1.0.0-rc2"
#define PACKAGE_BUGREPORT ""
#define PACKAGE_URL ""
#define PACKAGE "neko"
#define VERSION "1.0.0-rc2"
#define LT_OBJDIR ".libs/"
#define HAVE_DERIVED_TYPE_IO 1
#define HAVE_REAL128 1
#define HAVE_MPI_F08 1
#define HAVE_MPI_PARAM_DTYPE 1
#define HAVE_CPUID_H 1
#define HAVE_BLAS 1
#define HAVE_LAPACK 1

configure: exit 0
